lambda=0.02 alpha=1

For Neural network with 1 hidden layers and 2 neurons in each layer: 14.401935044102828 9.195519475772617 14.386136910904714 7.7064210488561
   pred_0  pred_1  pred_2  pred_3  pred_4  pred_5  pred_6  pred_7  pred_8  pred_9
0    25.0     9.0    14.0    28.0    30.0    27.0     1.0     3.0     0.0    41.0
1    15.0    36.0    12.0    21.0    17.0    49.0     3.0     1.0     1.0    27.0
2    35.0    28.0    20.0    21.0     2.0    43.0     1.0     4.0     2.0    21.0
3    32.0    17.0     2.0    43.0    11.0    43.0     0.0     1.0     1.0    33.0
4    13.0    27.0    22.0    24.0    27.0    37.0     3.0     0.0     0.0    28.0
5    36.0    11.0     5.0    32.0     3.0    64.0     0.0     2.0     0.0    29.0
6    37.0    30.0    15.0    30.0     5.0    34.0     0.0     3.0     0.0    27.0
7    46.0    13.0    11.0    26.0     4.0    38.0     0.0     1.0     1.0    39.0
8    26.0    10.0     4.0    37.0     6.0    53.0     0.0     0.0     8.0    30.0
9    23.0     9.0     0.0    51.0    13.0    47.0     1.0     1.0     0.0    35.0
For Neural network with 1 hidden layers and 4 neurons in each layer: 22.943771235019426 18.39888553020168 22.82800137598899 17.101292900905886
   pred_0  pred_1  pred_2  pred_3  pred_4  pred_5  pred_6  pred_7  pred_8  pred_9
0    67.0     3.0     0.0    36.0     8.0     4.0    43.0     0.0     1.0    16.0
1     7.0    27.0    23.0    25.0     1.0     0.0    32.0    37.0     5.0    25.0
2     2.0    10.0    35.0    44.0     2.0     7.0    33.0    28.0     7.0     9.0
3     2.0    11.0    16.0    66.0     6.0     5.0    30.0    28.0     2.0    17.0
4    13.0    19.0     5.0    24.0    53.0     4.0    37.0    12.0     0.0    14.0
5    10.0     6.0    15.0    43.0    14.0     7.0    39.0    24.0     0.0    24.0
6    13.0    13.0    14.0    40.0     1.0     4.0    75.0     9.0    11.0     1.0
7     4.0    18.0    11.0    34.0     7.0     9.0    31.0    53.0     5.0     7.0
8     1.0     5.0    16.0    47.0     5.0     8.0    35.0    35.0     3.0    19.0
9    11.0     7.0    14.0    64.0    11.0     5.0    24.0    14.0     4.0    26.0
For Neural network with 1 hidden layers and 8 neurons in each layer: 79.64775405897275 80.91047712717989 79.60715514275887 78.54373996492036
   pred_0  pred_1  pred_2  pred_3  pred_4  pred_5  pred_6  pred_7  pred_8  pred_9
0   170.0     0.0     0.0     0.0     3.0     2.0     3.0     0.0     0.0     0.0
1     0.0   115.0    22.0     5.0     5.0     2.0     6.0     6.0    10.0    11.0
2     1.0     5.0   137.0    17.0     0.0     0.0     2.0     8.0     5.0     2.0
3     2.0     8.0     7.0   136.0     0.0     3.0     1.0     4.0     1.0    21.0
4     2.0     4.0     0.0     0.0   164.0     1.0     0.0     9.0     0.0     1.0
5     3.0     1.0     1.0     3.0     2.0   161.0     7.0     1.0     0.0     3.0
6     2.0     2.0     0.0     0.0     2.0     2.0   173.0     0.0     0.0     0.0
7     0.0     1.0     0.0     2.0     1.0    10.0     0.0   164.0     1.0     0.0
8     2.0    28.0     7.0    18.0     2.0     7.0     1.0     6.0    87.0    16.0
9     2.0     4.0     7.0    21.0     2.0     4.0     0.0    14.0     2.0   124.0
For Neural network with 1 hidden layers and 16 neurons in each layer: 87.48671620770047 88.77832956100053 87.40866873065018 87.11139627945678
   pred_0  pred_1  pred_2  pred_3  pred_4  pred_5  pred_6  pred_7  pred_8  pred_9
0   177.0     0.0     0.0     0.0     1.0     0.0     0.0     0.0     0.0     0.0
1     0.0   150.0     7.0     0.0     1.0     4.0     5.0     0.0     8.0     7.0
2     0.0     7.0   160.0     5.0     0.0     0.0     0.0     0.0     5.0     0.0
3     1.0     5.0     7.0   155.0     0.0     4.0     0.0     4.0     3.0     4.0
4     3.0     2.0     0.0     1.0   170.0     0.0     2.0     3.0     0.0     0.0
5     0.0     1.0     1.0     0.0     2.0   167.0     1.0     0.0     1.0     9.0
6     3.0     4.0     0.0     0.0     0.0     0.0   172.0     0.0     2.0     0.0
7     0.0     1.0     0.0     0.0     2.0     9.0     0.0   164.0     0.0     3.0
8     0.0    25.0     5.0     5.0     1.0     8.0     7.0     5.0   109.0     9.0
9     1.0     4.0     1.0     7.0     6.0     5.0     0.0     7.0     1.0   148.0
For Neural network with 1 hidden layers and 32 neurons in each layer: 89.2010934962727 90.18422773039916 89.18610251117991 88.98515562865107
   pred_0  pred_1  pred_2  pred_3  pred_4  pred_5  pred_6  pred_7  pred_8  pred_9
0   174.0     0.0     0.0     1.0     1.0     1.0     1.0     0.0     0.0     0.0
1     0.0   150.0     8.0     2.0     0.0     0.0     0.0     1.0    12.0     9.0
2     1.0     6.0   152.0     7.0     0.0     0.0     0.0     5.0     5.0     1.0
3     0.0     3.0     8.0   157.0     0.0     1.0     0.0     5.0     5.0     4.0
4     0.0     5.0     0.0     0.0   168.0     0.0     1.0     4.0     3.0     0.0
5     0.0     1.0     1.0     0.0     2.0   166.0     1.0     1.0     0.0    10.0
6     1.0     2.0     0.0     0.0     1.0     0.0   177.0     0.0     0.0     0.0
7     0.0     0.0     0.0     1.0     3.0     1.0     0.0   170.0     1.0     3.0
8     3.0    15.0     1.0     2.0     1.0     6.0     2.0     3.0   141.0     0.0
9     0.0     4.0     1.0     4.0     3.0     5.0     0.0     7.0     8.0   148.0
For Neural network with 1 hidden layers and 64 neurons in each layer: 90.42933518734628 91.17409544686916 90.4097007223942 90.27230419479703
   pred_0  pred_1  pred_2  pred_3  pred_4  pred_5  pred_6  pred_7  pred_8  pred_9
0   172.0     0.0     1.0     0.0     2.0     1.0     2.0     0.0     0.0     0.0
1     0.0   148.0     5.0     1.0     0.0     0.0     5.0     2.0    11.0    10.0
2     1.0     3.0   169.0     0.0     0.0     0.0     0.0     2.0     2.0     0.0
3     0.0     2.0     3.0   164.0     0.0     4.0     0.0     3.0     4.0     3.0
4     1.0     3.0     0.0     0.0   169.0     1.0     2.0     5.0     0.0     0.0
5     0.0     1.0     1.0     2.0     2.0   170.0     1.0     0.0     0.0     5.0
6     0.0     4.0     0.0     0.0     0.0     0.0   175.0     0.0     0.0     2.0
7     0.0     0.0     1.0     0.0     1.0     0.0     0.0   171.0     1.0     5.0
8     2.0    14.0     1.0     5.0     0.0     7.0     3.0     2.0   135.0     5.0
9     1.0     5.0     0.0     7.0     1.0     7.0     0.0     3.0     4.0   152.0
For Neural network with 1 hidden layers and 128 neurons in each layer: 89.27148553175641 90.00045282513213 89.29686962504302 89.14874184192686
   pred_0  pred_1  pred_2  pred_3  pred_4  pred_5  pred_6  pred_7  pred_8  pred_9
0   172.0     0.0     1.0     0.0     1.0     1.0     2.0     0.0     0.0     1.0
1     0.0   145.0     9.0     3.0     0.0     0.0     4.0     0.0    12.0     9.0
2     2.0     6.0   158.0     4.0     0.0     1.0     0.0     2.0     4.0     0.0
3     0.0     6.0     4.0   157.0     0.0     1.0     0.0     6.0     4.0     5.0
4     1.0     4.0     0.0     0.0   170.0     0.0     0.0     6.0     0.0     0.0
5     0.0     0.0     0.0     1.0     2.0   170.0     0.0     0.0     0.0     9.0
6     1.0     5.0     0.0     0.0     0.0     1.0   169.0     0.0     5.0     0.0
7     0.0     0.0     0.0     0.0     2.0     4.0     0.0   168.0     5.0     0.0
8     0.0     9.0     4.0     4.0     0.0     0.0     1.0     1.0   152.0     3.0
9     0.0     4.0     2.0     4.0     4.0     2.0     0.0     6.0    15.0   143.0
For Neural network with 2 hidden layers and 2 neurons in each layer: 9.561505081787864 2.6354540605292422 9.594771241830065 3.3768062041799767
   pred_0  pred_1  pred_2  pred_3  pred_4  pred_5  pred_6  pred_7  pred_8  pred_9
0    23.0     6.0    22.0    15.0    30.0    40.0     3.0    21.0    18.0     0.0
1    15.0     3.0    17.0    12.0    39.0    31.0     1.0    24.0    36.0     4.0
2    11.0     6.0    22.0     5.0    40.0    32.0     6.0    21.0    19.0    15.0
3    19.0    21.0    23.0     1.0    34.0    35.0     5.0    21.0    13.0    11.0
4    23.0     1.0     5.0     8.0    44.0    35.0     2.0    19.0    44.0     0.0
5    26.0     9.0     8.0     7.0    41.0    42.0     6.0    19.0    12.0    12.0
6    16.0     2.0    18.0    27.0    44.0    32.0     0.0    23.0    19.0     0.0
7    23.0     3.0    14.0     5.0    46.0    37.0     1.0    19.0    31.0     0.0
8    20.0    12.0    19.0    16.0    38.0    26.0     0.0    24.0    11.0     8.0
9    23.0     7.0    19.0    10.0    30.0    33.0     9.0    22.0    20.0     7.0
For Neural network with 2 hidden layers and 4 neurons in each layer: 12.08139162540958 6.679814089379638 12.11936704506364 7.200245449095402
   pred_0  pred_1  pred_2  pred_3  pred_4  pred_5  pred_6  pred_7  pred_8  pred_9
0    10.0    40.0     4.0    25.0     4.0    18.0    56.0     0.0     9.0    12.0
1    10.0    27.0     9.0    35.0    29.0    32.0    20.0     9.0     9.0     2.0
2     9.0    19.0     7.0    31.0    31.0    27.0    16.0     4.0    25.0     8.0
3     4.0    51.0     9.0    21.0    20.0    28.0    20.0     5.0    10.0    15.0
4     9.0    30.0     0.0    49.0    30.0     5.0    30.0     8.0     7.0    13.0
5     5.0    35.0     1.0    35.0    24.0     9.0    45.0     0.0    19.0     9.0
6    16.0    32.0     0.0    13.0    10.0    32.0    63.0     3.0     6.0     6.0
7     3.0    46.0     1.0    35.0    22.0    23.0    13.0    17.0    12.0     7.0
8    10.0    38.0     0.0    13.0    34.0    31.0    18.0     3.0    18.0     9.0
9     5.0    26.0     3.0    37.0    21.0    25.0    24.0     6.0    18.0    15.0
For Neural network with 2 hidden layers and 8 neurons in each layer: 16.261531459353314 12.931173290432175 16.19934640522876 12.475905413620534
   pred_0  pred_1  pred_2  pred_3  pred_4  pred_5  pred_6  pred_7  pred_8  pred_9
0    28.0     8.0     2.0     8.0    26.0    42.0    21.0    16.0     2.0    25.0
1    12.0    66.0    19.0    17.0    17.0    26.0     8.0    12.0     0.0     5.0
2    20.0    43.0    42.0    12.0     5.0    10.0     7.0    16.0     7.0    15.0
3    21.0    33.0     4.0    21.0     5.0    51.0    20.0    15.0     0.0    13.0
4    19.0    48.0    25.0     2.0    23.0    18.0    26.0    13.0     3.0     4.0
5    20.0    15.0    23.0    19.0    28.0    36.0    12.0    18.0     3.0     8.0
6    19.0    14.0     9.0     3.0    30.0    45.0    11.0    25.0     4.0    21.0
7    17.0    34.0    13.0    27.0    16.0    18.0    11.0    28.0     1.0    14.0
8    21.0    18.0    17.0     6.0    16.0    40.0     9.0    29.0     5.0    13.0
9    10.0    17.0     7.0    23.0    26.0    28.0     7.0    29.0     1.0    32.0
For Neural network with 2 hidden layers and 16 neurons in each layer: 85.28918638987058 86.6751242009226 85.26642586859306 84.78588893425493
   pred_0  pred_1  pred_2  pred_3  pred_4  pred_5  pred_6  pred_7  pred_8  pred_9
0   172.0     0.0     0.0     0.0     1.0     4.0     1.0     0.0     0.0     0.0
1     0.0   141.0    11.0     0.0     3.0     0.0     4.0     1.0    11.0    11.0
2     0.0     3.0   164.0     2.0     1.0     2.0     1.0     3.0     0.0     1.0
3     0.0     0.0    17.0   144.0     0.0     6.0     0.0     7.0     3.0     6.0
4     0.0     8.0     0.0     0.0   162.0     3.0     1.0     5.0     2.0     0.0
5     2.0     1.0     0.0     0.0     3.0   168.0     2.0     1.0     0.0     5.0
6     1.0     4.0     0.0     0.0     2.0     1.0   173.0     0.0     0.0     0.0
7     1.0     0.0     1.0     3.0     1.0     1.0     0.0   161.0     1.0    10.0
8     1.0    27.0     7.0     3.0     2.0     7.0     1.0     9.0   111.0     6.0
9     2.0     3.0     0.0     7.0     1.0    11.0     0.0    11.0     8.0   137.0
For Neural network with 2 hidden layers and 32 neurons in each layer: 87.63881622798202 88.7990551503282 87.62573099415206 87.39021878756634
   pred_0  pred_1  pred_2  pred_3  pred_4  pred_5  pred_6  pred_7  pred_8  pred_9
0   175.0     0.0     0.0     0.0     2.0     1.0     0.0     0.0     0.0     0.0
1     0.0   141.0     9.0     5.0     0.0     1.0     3.0     0.0    12.0    11.0
2     1.0     4.0   159.0     7.0     0.0     0.0     0.0     3.0     1.0     2.0
3     1.0     4.0     8.0   159.0     0.0     0.0     0.0     6.0     2.0     3.0
4     0.0     3.0     1.0     0.0   169.0     0.0     1.0     4.0     0.0     3.0
5     0.0     0.0     2.0     4.0     3.0   164.0     1.0     0.0     0.0     8.0
6     3.0     2.0     0.0     0.0     3.0     1.0   172.0     0.0     0.0     0.0
7     0.0     1.0     0.0     1.0     3.0     8.0     0.0   164.0     1.0     1.0
8     0.0    25.0     4.0     9.0     2.0     3.0     0.0     2.0   125.0     4.0
9     4.0     2.0     1.0     9.0     4.0     6.0     0.0     4.0     3.0   147.0
For Neural network with 3 hidden layers and 2 neurons in each layer: 10.12603004121898 1.3026507950614992 10.055555555555555 2.2167930017181448
   pred_0  pred_1  pred_2  pred_3  pred_4  pred_5  pred_6  pred_7  pred_8  pred_9
0    26.0    18.0     0.0    34.0    17.0    18.0    35.0    18.0     9.0     3.0
1    32.0    18.0     0.0    37.0    18.0    19.0    36.0    18.0     4.0     0.0
2    21.0     4.0     0.0    36.0    18.0    18.0    34.0    18.0    14.0    14.0
3    25.0    16.0     0.0    37.0    18.0    18.0    38.0    18.0    11.0     2.0
4    36.0    35.0     0.0    20.0    18.0    18.0    35.0    18.0     0.0     1.0
5    18.0    12.0     0.0    36.0    18.0    19.0    27.0    18.0    18.0    16.0
6    33.0    18.0     0.0    37.0    18.0    18.0    36.0    18.0     3.0     0.0
7    35.0    19.0     0.0    35.0    18.0    18.0    36.0    18.0     0.0     0.0
8    33.0    21.0     0.0    32.0    17.0    18.0    34.0    17.0     2.0     0.0
9    33.0    10.0     0.0    36.0    18.0    18.0    36.0    18.0     3.0     8.0
For Neural network with 3 hidden layers and 4 neurons in each layer: 10.344319661908012 3.738824609746171 10.313553491572069 3.600869942174654
   pred_0  pred_1  pred_2  pred_3  pred_4  pred_5  pred_6  pred_7  pred_8  pred_9
0    21.0    47.0     6.0    19.0     0.0    22.0    29.0    30.0     0.0     4.0
1    23.0    62.0     0.0     8.0     0.0    31.0    19.0    21.0     0.0    18.0
2    31.0    57.0     5.0    22.0     1.0    36.0     0.0    20.0     0.0     5.0
3    33.0    62.0     4.0    17.0     0.0    39.0    10.0    18.0     0.0     0.0
4    37.0    65.0     1.0    18.0     0.0    22.0    18.0    18.0     0.0     2.0
5    22.0    70.0     0.0    11.0     0.0    37.0    10.0    21.0     0.0    11.0
6    33.0    60.0     3.0     3.0     0.0    39.0    12.0    25.0     0.0     6.0
7    24.0    64.0     0.0    27.0     0.0    30.0     3.0    22.0     0.0     9.0
8    22.0    57.0     1.0    30.0     0.0    32.0     4.0    26.0     0.0     2.0
9    27.0    47.0     0.0    18.0     0.0    33.0    26.0    19.0     0.0    10.0
For Neural network with 3 hidden layers and 8 neurons in each layer: 12.922868648513615 7.163624837547774 12.809941520467836 7.625692501772926
   pred_0  pred_1  pred_2  pred_3  pred_4  pred_5  pred_6  pred_7  pred_8  pred_9
0     6.0    11.0     9.0    28.0    14.0    42.0    11.0    18.0     2.0    37.0
1     5.0    36.0     9.0    37.0    41.0     4.0    30.0     5.0     3.0    12.0
2    11.0    15.0    10.0    30.0    16.0    20.0    24.0    23.0     7.0    21.0
3    10.0    21.0     5.0    48.0    25.0    18.0    20.0     7.0     1.0    28.0
4    24.0    50.0     0.0    42.0    20.0     8.0    28.0     1.0     6.0     2.0
5     9.0    33.0    17.0    38.0    20.0    11.0    31.0    14.0     0.0     9.0
6    19.0    38.0    16.0    22.0     3.0    25.0    33.0    12.0     1.0    12.0
7    17.0    37.0     1.0    47.0    16.0    10.0    27.0    11.0     2.0    11.0
8    12.0    39.0    13.0    32.0    17.0    13.0    19.0     9.0    10.0    10.0
9    17.0    14.0     5.0    35.0    26.0    15.0     9.0     5.0     7.0    47.0
For Neural network with 3 hidden layers and 16 neurons in each layer: 23.209377849081886 22.414471229634948 23.145166838665293 20.674341171821563
   pred_0  pred_1  pred_2  pred_3  pred_4  pred_5  pred_6  pred_7  pred_8  pred_9
0    50.0    16.0     9.0     1.0    19.0    22.0     8.0    19.0     9.0    25.0
1    19.0    42.0    12.0     5.0    23.0    10.0    25.0    29.0     2.0    15.0
2    19.0     5.0    47.0    17.0     6.0    21.0    22.0    20.0     6.0    14.0
3     4.0    12.0    20.0    32.0    15.0    33.0    34.0     8.0     7.0    18.0
4    20.0    20.0     9.0    13.0    56.0    11.0    24.0     5.0     6.0    17.0
5     9.0     7.0    15.0     8.0    21.0    46.0    29.0    26.0     6.0    15.0
6    36.0    17.0     1.0    11.0    21.0    11.0    54.0    15.0    14.0     1.0
7    23.0    20.0     4.0    11.0    10.0    26.0    13.0    31.0    10.0    31.0
8    16.0    25.0    16.0    18.0    17.0    25.0    17.0    23.0    13.0     4.0
9     8.0    18.0     3.0    15.0    16.0    29.0    23.0    19.0     3.0    46.0
For Neural network with 3 hidden layers and 32 neurons in each layer: 70.87482556854378 73.31893034376608 70.86738906088752 68.02413310594005
   pred_0  pred_1  pred_2  pred_3  pred_4  pred_5  pred_6  pred_7  pred_8  pred_9
0   174.0     0.0     0.0     0.0     1.0     2.0     1.0     0.0     0.0     0.0
1     2.0   115.0     7.0     9.0    12.0    13.0     1.0     4.0     1.0    18.0
2     7.0    12.0   135.0     3.0     2.0     4.0     1.0     3.0     6.0     4.0
3     8.0     6.0    28.0   102.0     4.0     2.0     2.0     8.0     7.0    16.0
4     2.0    11.0     0.0     0.0   157.0     0.0     0.0     9.0     2.0     0.0
5    31.0     9.0     6.0     1.0     5.0   101.0     4.0     5.0     2.0    18.0
6     8.0     4.0     0.0     0.0     6.0     0.0   163.0     0.0     0.0     0.0
7     1.0    19.0     3.0     0.0    15.0     2.0     3.0   134.0     1.0     1.0
8    10.0    39.0     9.0     6.0    11.0     8.0     2.0    16.0    69.0     4.0
9    15.0     9.0     4.0     9.0     6.0     5.0     2.0     7.0     1.0   122.0



r_lambda = 0.02, alpha = 0.1
For Neural network with 1 hidden layers and 2 neurons in each layer: 13.024972462350846 4.497003113503976 13.006535947712418 5.480731235665981
   pred_0  pred_1  pred_2  pred_3  pred_4  pred_5  pred_6  pred_7  pred_8  pred_9
0    29.0    36.0    18.0     3.0    16.0    38.0    25.0    13.0     0.0     0.0
1    23.0    35.0    46.0     4.0    19.0    12.0    21.0    13.0     9.0     0.0
2    22.0    26.0    43.0    12.0     9.0    20.0    24.0     8.0    12.0     1.0
3    33.0    21.0    29.0     4.0    18.0    20.0    20.0    23.0    15.0     0.0
4    18.0    22.0    45.0     2.0    34.0    18.0    15.0    19.0     8.0     0.0
5    32.0    37.0    33.0     4.0     6.0    28.0    18.0    19.0     5.0     0.0
6    27.0    38.0    28.0     0.0    15.0    15.0    23.0    28.0     7.0     0.0
7    23.0    28.0    30.0     1.0     6.0    22.0    24.0    33.0    12.0     0.0
8    35.0    29.0    41.0     5.0     5.0    15.0    16.0    23.0     5.0     0.0
9    34.0    20.0    19.0     6.0    18.0    29.0    16.0    21.0    17.0     0.0
For Neural network with 1 hidden layers and 4 neurons in each layer: 15.36183716776586 11.618625808708243 15.333849329205368 9.649467797630182
   pred_0  pred_1  pred_2  pred_3  pred_4  pred_5  pred_6  pred_7  pred_8  pred_9
0    52.0    31.0    18.0     5.0     9.0    10.0    24.0    11.0     7.0    11.0
1    23.0    12.0    13.0    19.0     0.0     8.0    45.0    30.0     0.0    32.0
2    12.0    16.0    39.0    16.0    12.0     4.0    25.0    32.0     7.0    14.0
3    12.0    14.0    34.0    21.0     4.0    13.0    20.0    23.0     3.0    39.0
4    38.0    14.0     6.0     8.0     8.0    32.0    28.0    20.0    14.0    13.0
5    28.0    17.0    26.0    12.0     0.0    36.0    16.0    23.0     0.0    24.0
6    34.0    21.0    10.0     2.0    15.0     6.0    55.0    26.0     4.0     8.0
7    38.0    28.0     9.0     4.0    10.0    13.0    35.0    14.0     3.0    25.0
8    19.0    21.0     8.0    11.0     2.0    15.0    44.0    27.0     1.0    26.0
9    36.0    17.0    12.0    14.0     5.0    21.0    18.0    17.0     2.0    38.0
For Neural network with 1 hidden layers and 8 neurons in each layer: 17.78845635328279 18.313960149749924 17.76229790161679 15.265512054781345
   pred_0  pred_1  pred_2  pred_3  pred_4  pred_5  pred_6  pred_7  pred_8  pred_9
0    46.0     8.0    19.0     9.0    21.0     8.0    23.0     6.0    15.0    23.0
1     5.0    33.0     4.0    19.0    15.0    13.0    40.0     9.0    15.0    29.0
2     7.0    16.0    25.0    32.0    10.0    13.0    29.0    16.0    13.0    16.0
3    17.0    13.0    13.0    35.0     7.0    25.0    26.0    20.0    12.0    15.0
4     9.0    31.0     6.0    16.0    29.0    27.0    30.0     4.0     6.0    23.0
5     2.0     4.0    11.0    26.0    20.0    29.0    38.0    15.0     9.0    28.0
6    20.0    21.0    12.0     3.0    33.0    27.0    42.0     2.0    15.0     6.0
7    10.0     4.0    18.0    28.0     6.0    24.0    16.0    43.0    15.0    15.0
8     9.0    19.0     7.0    19.0    17.0    18.0    25.0    18.0    18.0    24.0
9     8.0     9.0    10.0    29.0    15.0    37.0    23.0    21.0     9.0    19.0
For Neural network with 1 hidden layers and 16 neurons in each layer: 22.70106991707958 20.659737080793786 22.68919848641211 19.623483340153353
   pred_0  pred_1  pred_2  pred_3  pred_4  pred_5  pred_6  pred_7  pred_8  pred_9
0    78.0     1.0    12.0    12.0     6.0     8.0    22.0     6.0    18.0    15.0
1     8.0    56.0    12.0     4.0    10.0     5.0    22.0    21.0    19.0    25.0
2    15.0    21.0    29.0    20.0    12.0     9.0    27.0     5.0    18.0    21.0
3    18.0    24.0    16.0    44.0    13.0    11.0     8.0    11.0    10.0    28.0
4     4.0     6.0    14.0    23.0    26.0    17.0    49.0    10.0    13.0    19.0
5    21.0    13.0    17.0     7.0     9.0    39.0    22.0    18.0    14.0    22.0
6    13.0    11.0    23.0    23.0    14.0    14.0    67.0    10.0     6.0     0.0
7     4.0    36.0    12.0    16.0     1.0    22.0    16.0    20.0     8.0    44.0
8    10.0    18.0     7.0    22.0     7.0    35.0    10.0     6.0    26.0    33.0
9    49.0    14.0    13.0    22.0    18.0     7.0    17.0     7.0    10.0    23.0
For Neural network with 1 hidden layers and 32 neurons in each layer: 52.58733104755796 51.97535174584099 52.56793945648435 50.36198530935766
   pred_0  pred_1  pred_2  pred_3  pred_4  pred_5  pred_6  pred_7  pred_8  pred_9
0   146.0     0.0     0.0     1.0    13.0     0.0    10.0     0.0     2.0     6.0
1     4.0    61.0    15.0    21.0     6.0     2.0    16.0     4.0    46.0     7.0
2     5.0    12.0    75.0    18.0     0.0    13.0     7.0    14.0    15.0    18.0
3     5.0     2.0    13.0    89.0     1.0     3.0     5.0    11.0    12.0    42.0
4     7.0     8.0     1.0     2.0   111.0    13.0    25.0     8.0     6.0     0.0
5     6.0    13.0    11.0    11.0     3.0    64.0    26.0    11.0    17.0    20.0
6     1.0     9.0     2.0     1.0    12.0     2.0   141.0     2.0     8.0     3.0
7     1.0     4.0     6.0     9.0     9.0     8.0     0.0   122.0    13.0     7.0
8     3.0    31.0     4.0    24.0     2.0     9.0    12.0     9.0    72.0     8.0
9    12.0     8.0    10.0    47.0     3.0     2.0    12.0    18.0     4.0    64.0
For Neural network with 1 hidden layers and 64 neurons in each layer: 72.70242451080125 73.63367102028732 72.60457516339869 71.67970093564347
   pred_0  pred_1  pred_2  pred_3  pred_4  pred_5  pred_6  pred_7  pred_8  pred_9
0   164.0     0.0     0.0     0.0     2.0     2.0     6.0     2.0     0.0     2.0
1     0.0    97.0    11.0    12.0    12.0     6.0     9.0     2.0    10.0    23.0
2     2.0     9.0   142.0     6.0     0.0     2.0     3.0    13.0     0.0     0.0
3     2.0     5.0     9.0   134.0     1.0     3.0     1.0     4.0     9.0    15.0
4     2.0    17.0     0.0     0.0   137.0     3.0     8.0     8.0     4.0     2.0
5     2.0     2.0     3.0     4.0     3.0   143.0     2.0     5.0     8.0    10.0
6     3.0     8.0     0.0     0.0     4.0     1.0   158.0     0.0     7.0     0.0
7     1.0     2.0     4.0     1.0    15.0     4.0     1.0   144.0     2.0     5.0
8     6.0    26.0    20.0    12.0     1.0    15.0     3.0     7.0    71.0    13.0
9     2.0     6.0     2.0    16.0     4.0    18.0     4.0     5.0     6.0   117.0
For Neural network with 1 hidden layers and 128 neurons in each layer: 77.05562600402848 78.91001456400929 77.03525971792226 76.57650036896612
   pred_0  pred_1  pred_2  pred_3  pred_4  pred_5  pred_6  pred_7  pred_8  pred_9
0   164.0     1.0     0.0     0.0     5.0     4.0     1.0     0.0     3.0     0.0
1     0.0   108.0    18.0     4.0     5.0     7.0     2.0     2.0    24.0    12.0
2     2.0     4.0   134.0     9.0     2.0     1.0     1.0     5.0     8.0    11.0
3     3.0     3.0    19.0   129.0     0.0     5.0     1.0     8.0     6.0     9.0
4     2.0    14.0     1.0     1.0   140.0     5.0    10.0     6.0     1.0     1.0
5     2.0     4.0     2.0     3.0     0.0   148.0     1.0     0.0     7.0    15.0
6     0.0     2.0     0.0     0.0     4.0     2.0   168.0     1.0     4.0     0.0
7     0.0     7.0     0.0     1.0     1.0     1.0     0.0   160.0     4.0     5.0
8     1.0    25.0     9.0     4.0     1.0     9.0     4.0     6.0   107.0     8.0
9     1.0     2.0     3.0    15.0     2.0    11.0     1.0    11.0     7.0   127.0
For Neural network with 2 hidden layers and 2 neurons in each layer: 10.520087998479186 1.8060330963033457 10.584967320261438 2.671384556074071
   pred_0  pred_1  pred_2  pred_3  pred_4  pred_5  pred_6  pred_7  pred_8  pred_9
0    10.0     0.0     0.0     0.0    50.0    53.0    36.0    25.0     3.0     1.0
1    15.0     3.0     0.0     0.0    51.0    54.0    37.0    22.0     0.0     0.0
2    14.0     1.0     0.0     0.0    50.0    45.0    37.0    21.0     2.0     7.0
3     5.0     0.0     0.0     0.0    49.0    41.0    37.0    32.0     6.0    13.0
4    15.0     4.0     0.0     0.0    49.0    54.0    36.0    22.0     1.0     0.0
5     9.0     0.0     0.0     0.0    43.0    54.0    37.0    28.0    11.0     0.0
6    33.0     0.0     0.0     0.0    49.0    53.0    36.0     4.0     5.0     1.0
7     2.0     0.0     0.0     0.0    55.0    49.0    36.0    33.0     0.0     4.0
8    14.0     0.0     2.0     0.0    48.0    52.0    33.0    21.0     4.0     0.0
9    20.0     0.0     2.0     0.0    53.0    53.0    35.0    16.0     1.0     0.0
For Neural network with 2 hidden layers and 4 neurons in each layer: 9.757418602076816 2.565147545981298 9.7593739250086 3.552895916627328
   pred_0  pred_1  pred_2  pred_3  pred_4  pred_5  pred_6  pred_7  pred_8  pred_9
0    10.0    19.0    30.0     5.0    20.0     6.0    12.0    16.0     9.0    51.0
1    17.0    19.0    25.0    16.0    37.0     6.0     5.0     3.0     0.0    54.0
2     1.0    24.0    35.0     4.0    23.0     7.0    12.0    17.0     3.0    51.0
3     4.0    14.0    22.0    21.0    35.0    14.0    11.0     0.0     7.0    55.0
4    16.0    18.0    11.0    17.0    30.0    28.0     2.0     0.0     1.0    58.0
5    14.0     8.0    28.0     1.0    38.0     3.0     3.0    30.0     5.0    52.0
6    16.0    18.0    17.0    11.0    27.0    14.0     6.0    16.0     2.0    54.0
7    20.0    20.0    15.0    18.0    34.0     7.0    13.0     1.0     3.0    48.0
8    19.0    19.0    13.0     9.0    33.0    15.0    12.0     2.0     0.0    52.0
9     8.0    10.0    23.0    22.0    31.0    22.0     3.0     2.0     9.0    50.0
For Neural network with 2 hidden layers and 8 neurons in each layer: 13.39005363607554 10.845026599260226 13.336773305813555 8.441146106242725
   pred_0  pred_1  pred_2  pred_3  pred_4  pred_5  pred_6  pred_7  pred_8  pred_9
0     0.0    14.0     6.0    32.0    24.0    25.0    22.0     2.0    28.0    25.0
1     3.0    29.0    13.0    43.0    20.0     9.0    23.0    10.0    26.0     6.0
2     3.0    27.0    33.0    16.0    16.0    18.0    25.0    22.0    11.0     6.0
3     0.0    33.0     2.0    40.0    28.0    35.0    16.0    12.0     4.0    13.0
4     5.0    14.0     0.0    29.0    42.0    29.0    30.0     5.0    20.0     7.0
5     2.0    25.0     5.0    32.0    13.0    13.0    34.0    17.0    26.0    15.0
6    13.0    15.0    19.0    17.0    28.0    32.0    48.0     6.0     3.0     0.0
7     5.0    20.0     0.0    51.0    25.0    10.0    18.0    13.0    20.0    17.0
8     1.0    35.0     7.0    34.0    23.0    12.0    26.0     8.0    14.0    14.0
9     4.0    29.0     4.0    50.0    33.0    16.0    17.0     1.0    17.0     9.0
For Neural network with 2 hidden layers and 16 neurons in each layer: 14.951171599122137 13.179115599260673 15.012727898176815 11.205919253086284
   pred_0  pred_1  pred_2  pred_3  pred_4  pred_5  pred_6  pred_7  pred_8  pred_9
0    27.0     0.0     8.0    17.0    27.0    37.0    14.0    12.0    11.0    25.0
1    12.0    19.0     5.0    22.0    15.0    33.0    17.0    24.0    21.0    14.0
2    34.0     3.0    43.0    26.0     4.0     6.0    10.0    21.0    11.0    19.0
3    18.0    15.0    23.0    31.0    15.0    13.0    20.0    32.0     1.0    15.0
4    44.0     7.0    17.0     9.0    16.0    17.0    26.0    12.0     1.0    32.0
5    18.0    13.0    15.0    34.0    15.0    41.0    12.0    13.0     7.0    14.0
6    30.0    11.0    16.0     9.0    17.0    44.0    30.0     1.0    11.0    12.0
7    21.0     0.0    10.0    25.0    24.0    18.0     3.0    36.0    17.0    25.0
8    27.0    15.0    38.0    21.0    19.0    13.0     0.0    14.0    18.0     9.0
9    22.0    26.0    29.0    16.0    21.0    30.0     9.0    16.0     4.0     7.0
For Neural network with 2 hidden layers and 32 neurons in each layer: 18.046405370145248 16.7263099522824 17.96852425180598 16.31371999928907
   pred_0  pred_1  pred_2  pred_3  pred_4  pred_5  pred_6  pred_7  pred_8  pred_9
0    34.0     4.0     8.0     8.0    28.0    31.0     7.0    10.0    29.0    19.0
1    17.0    54.0    14.0    13.0    20.0     7.0    15.0    11.0    18.0    13.0
2     5.0    50.0    12.0    18.0     6.0    12.0    10.0     8.0    27.0    29.0
3     8.0    11.0     6.0    46.0    18.0    18.0     9.0    20.0    32.0    15.0
4    31.0    12.0    12.0     4.0    40.0    11.0    13.0    19.0    17.0    22.0
5    10.0     5.0    15.0    21.0    21.0    43.0    26.0    10.0    18.0    13.0
6    13.0    11.0    20.0    12.0    20.0    14.0    33.0    24.0    18.0    16.0
7     9.0    25.0     8.0    25.0    26.0    31.0     5.0    27.0     8.0    15.0
8    12.0    23.0    19.0    29.0    14.0     2.0    25.0    11.0    18.0    21.0
9    33.0     4.0    12.0    39.0    18.0    11.0     9.0    15.0    21.0    18.0
For Neural network with 2 hidden layers and 64 neurons in each layer: 69.67726436743604 70.5569238341067 69.62160302717578 68.17976479554589
   pred_0  pred_1  pred_2  pred_3  pred_4  pred_5  pred_6  pred_7  pred_8  pred_9
0   165.0     1.0     3.0     2.0     3.0     2.0     1.0     0.0     0.0     1.0
1     0.0    94.0    23.0     1.0    20.0     5.0     3.0    11.0     6.0    19.0
2     1.0     9.0   122.0    13.0     0.0     5.0     4.0     9.0    10.0     4.0
3     1.0     3.0     1.0   128.0     1.0    13.0     5.0    16.0     4.0    11.0
4     1.0     3.0     1.0     0.0   153.0     2.0     9.0     4.0     2.0     6.0
5     6.0    13.0     7.0     5.0     2.0   121.0     3.0    13.0     5.0     7.0
6     7.0     8.0     6.0     2.0     1.0     2.0   155.0     0.0     0.0     0.0
7     5.0     7.0     1.0     2.0     2.0     1.0     1.0   151.0     4.0     5.0
8     4.0    40.0     6.0    13.0     7.0    14.0     4.0     9.0    63.0    14.0
9    12.0     9.0     1.0    25.0     6.0     9.0     3.0     8.0     7.0   100.0




r_lambda=0.1 alpha=1
For Neural network with 1 hidden layers and 2 neurons in each layer: 15.770346379928329 9.223796915637882 15.734950120399034 8.094150761440721
   pred_0  pred_1  pred_2  pred_3  pred_4  pred_5  pred_6  pred_7  pred_8  pred_9
0    53.0    16.0     5.0    17.0    18.0    25.0    23.0     2.0     6.0    13.0
1     6.0    19.0    10.0    23.0    39.0    36.0    28.0     9.0     6.0     6.0
2    24.0    18.0    24.0    23.0    29.0    27.0    19.0     0.0     1.0    12.0
3    22.0    17.0     8.0    22.0    21.0    39.0    29.0     8.0     7.0    10.0
4     9.0    17.0     9.0    19.0    45.0    35.0    29.0     7.0     0.0    11.0
5    23.0    20.0     3.0    18.0    40.0    33.0    35.0     0.0     3.0     7.0
6    24.0    18.0     3.0    20.0    35.0    23.0    53.0     0.0     2.0     3.0
7     3.0    16.0    10.0    29.0    21.0    55.0    24.0     2.0    17.0     2.0
8    21.0    17.0     2.0    17.0    44.0    36.0    22.0     1.0    14.0     0.0
9    24.0    14.0     7.0    19.0    22.0    32.0    36.0     2.0     6.0    18.0
For Neural network with 1 hidden layers and 4 neurons in each layer: 41.79219798318567 37.86592712855817 41.70106639146887 35.172058331456206
   pred_0  pred_1  pred_2  pred_3  pred_4  pred_5  pred_6  pred_7  pred_8  pred_9
0   134.0     2.0    18.0    14.0     1.0     0.0     2.0     1.0     3.0     3.0
1     0.0    61.0    25.0    23.0    14.0     4.0    19.0    14.0     3.0    19.0
2     2.0    14.0    99.0    51.0     0.0     1.0     6.0     4.0     0.0     0.0
3     6.0    12.0    19.0    91.0     0.0     7.0     3.0     3.0     1.0    41.0
4     3.0    14.0     5.0     7.0    63.0     7.0    16.0    41.0     6.0    19.0
5     8.0     5.0     2.0    49.0     9.0    52.0    17.0     8.0     0.0    32.0
6    28.0     8.0    22.0    12.0     6.0     6.0    92.0     7.0     0.0     0.0
7     1.0     8.0     8.0    19.0     7.0     5.0     4.0    81.0    12.0    34.0
8    14.0    35.0    28.0    17.0    11.0     5.0    16.0    18.0    11.0    19.0
9    21.0     6.0    23.0    28.0     5.0     6.0    10.0    13.0     2.0    66.0
For Neural network with 1 hidden layers and 8 neurons in each layer: 75.59613945951902 77.62100108467972 75.52751977984175 73.21936201642536
   pred_0  pred_1  pred_2  pred_3  pred_4  pred_5  pred_6  pred_7  pred_8  pred_9
0   169.0     0.0     0.0     0.0     6.0     0.0     1.0     2.0     0.0     0.0
1     1.0   113.0    15.0     0.0    16.0     4.0    11.0     2.0     5.0    15.0
2     0.0     6.0   150.0    16.0     0.0     1.0     2.0     2.0     0.0     0.0
3     1.0     6.0    18.0   137.0     0.0     6.0     0.0     8.0     0.0     7.0
4     2.0     9.0     1.0     0.0   155.0     3.0     6.0     5.0     0.0     0.0
5    12.0     2.0     3.0     3.0     5.0   138.0     6.0     5.0     2.0     6.0
6     0.0     4.0     0.0     0.0     6.0     3.0   168.0     0.0     0.0     0.0
7     0.0     3.0     4.0     0.0     6.0     0.0     0.0   164.0     1.0     1.0
8     4.0    40.0    17.0    10.0     6.0    15.0     6.0     4.0    65.0     7.0
9    23.0     7.0     0.0    13.0    17.0     6.0     0.0    12.0     3.0    99.0
For Neural network with 1 hidden layers and 16 neurons in each layer: 87.25204284696784 88.32290500054488 87.21121431028551 86.9025528737935
   pred_0  pred_1  pred_2  pred_3  pred_4  pred_5  pred_6  pred_7  pred_8  pred_9
0   175.0     0.0     0.0     0.0     1.0     1.0     0.0     0.0     0.0     1.0
1     1.0   149.0     4.0     1.0     1.0     0.0     8.0     2.0     9.0     7.0
2     1.0     6.0   161.0     6.0     1.0     0.0     0.0     0.0     2.0     0.0
3     1.0     5.0     4.0   157.0     0.0     1.0     1.0     4.0     2.0     8.0
4     0.0     7.0     0.0     0.0   168.0     1.0     0.0     5.0     0.0     0.0
5     0.0     1.0     0.0     1.0     3.0   165.0     3.0     0.0     1.0     8.0
6     1.0     2.0     0.0     0.0     5.0     0.0   173.0     0.0     0.0     0.0
7     0.0     1.0     0.0     0.0     7.0     1.0     0.0   164.0     4.0     2.0
8     0.0    27.0     3.0     3.0     0.0     7.0     1.0     5.0   117.0    11.0
9     0.0     5.0     2.0    12.0     1.0     6.0     0.0    10.0     5.0   139.0
For Neural network with 1 hidden layers and 32 neurons in each layer: 90.02848662953961 91.45530716533294 89.9967320261438 89.91054207144172
   pred_0  pred_1  pred_2  pred_3  pred_4  pred_5  pred_6  pred_7  pred_8  pred_9
0   175.0     0.0     0.0     0.0     2.0     0.0     1.0     0.0     0.0     0.0
1     1.0   147.0    14.0     0.0     0.0     1.0     3.0     0.0     3.0    13.0
2     1.0     3.0   168.0     1.0     0.0     0.0     0.0     1.0     3.0     0.0
3     1.0     3.0     7.0   156.0     0.0     3.0     0.0     4.0     4.0     5.0
4     0.0     0.0     0.0     0.0   172.0     0.0     1.0     4.0     1.0     3.0
5     0.0     1.0     0.0     0.0     0.0   169.0     1.0     1.0     1.0     9.0
6     3.0     3.0     0.0     0.0     0.0     0.0   175.0     0.0     0.0     0.0
7     0.0     2.0     0.0     0.0     2.0     1.0     0.0   172.0     1.0     1.0
8     0.0    10.0     7.0     5.0     2.0     2.0     3.0     2.0   131.0    12.0
9     2.0     1.0     0.0     9.0     1.0     1.0     1.0     2.0    10.0   153.0
For Neural network with 1 hidden layers and 64 neurons in each layer: 88.92084650775254 89.93334035828518 88.90866873065015 88.68178650295351
   pred_0  pred_1  pred_2  pred_3  pred_4  pred_5  pred_6  pred_7  pred_8  pred_9
0   174.0     0.0     0.0     0.0     1.0     2.0     1.0     0.0     0.0     0.0
1     0.0   147.0     4.0     2.0     1.0     0.0     5.0     1.0    11.0    11.0
2     0.0     5.0   159.0     6.0     0.0     0.0     0.0     3.0     4.0     0.0
3     1.0     0.0     0.0   156.0     0.0     5.0     0.0     6.0     5.0    10.0
4     2.0     5.0     0.0     0.0   163.0     0.0     0.0     5.0     3.0     3.0
5     1.0     1.0     0.0     1.0     0.0   173.0     0.0     0.0     0.0     6.0
6     1.0     5.0     0.0     0.0     0.0     2.0   172.0     0.0     1.0     0.0
7     0.0     0.0     1.0     0.0     1.0     7.0     0.0   168.0     2.0     0.0
8     0.0    15.0     6.0     2.0     0.0     5.0     1.0     4.0   137.0     4.0
9     0.0     5.0     1.0     5.0     5.0     4.0     0.0     4.0     7.0   149.0
For Neural network with 2 hidden layers and 2 neurons in each layer: 9.711956351660387 1.9685528267478076 9.705882352941176 3.137054117587842
   pred_0  pred_1  pred_2  pred_3  pred_4  pred_5  pred_6  pred_7  pred_8  pred_9
0     0.0    26.0    14.0    27.0     2.0     7.0    18.0    42.0    13.0    29.0
1     6.0    52.0     8.0    12.0     4.0    15.0    18.0    27.0    15.0    25.0
2     1.0    19.0    16.0    21.0     6.0    11.0    15.0    54.0    11.0    23.0
3     3.0    22.0     5.0    11.0    19.0    23.0    11.0    62.0     0.0    27.0
4     0.0    30.0    11.0    28.0     2.0    32.0    14.0    32.0    14.0    18.0
5     3.0    31.0     8.0    17.0     8.0    10.0    15.0    53.0    10.0    27.0
6     1.0    42.0     2.0    22.0     0.0    33.0    18.0    35.0    10.0    18.0
7     7.0    32.0     4.0    21.0    11.0    30.0     7.0    31.0     7.0    29.0
8     1.0    46.0     6.0     7.0     5.0    22.0    16.0    42.0    12.0    17.0
9     7.0    40.0     4.0    16.0    15.0    18.0    11.0    44.0     3.0    22.0
For Neural network with 2 hidden layers and 4 neurons in each layer: 12.893303425269407 8.644362784317074 12.912796697626419 8.148703323561136
   pred_0  pred_1  pred_2  pred_3  pred_4  pred_5  pred_6  pred_7  pred_8  pred_9
0    26.0    15.0     8.0    15.0     6.0    19.0    32.0    23.0     1.0    33.0
1     0.0     9.0    21.0    29.0    10.0    35.0    41.0    12.0     0.0    25.0
2     0.0    20.0    22.0     8.0     5.0    33.0    50.0    13.0     9.0    17.0
3     5.0    40.0     0.0    52.0     3.0    27.0    27.0    11.0     4.0    14.0
4    14.0    18.0    16.0    22.0    19.0    32.0    28.0    12.0     1.0    19.0
5    13.0    16.0    25.0    23.0     5.0    21.0    45.0     7.0     6.0    21.0
6     4.0    18.0    14.0    25.0    21.0    29.0    33.0     6.0     2.0    29.0
7    18.0    14.0    18.0    14.0    19.0    11.0    35.0     5.0     8.0    37.0
8     6.0    25.0    14.0    29.0     6.0     6.0    24.0     9.0    12.0    43.0
9     9.0    27.0     8.0    26.0    11.0    21.0    21.0    21.0     3.0    33.0
For Neural network with 2 hidden layers and 8 neurons in each layer: 28.446006332611066 27.541055151284034 28.423288613691085 25.111869676277912
   pred_0  pred_1  pred_2  pred_3  pred_4  pred_5  pred_6  pred_7  pred_8  pred_9
0    72.0    15.0     4.0    10.0     4.0     1.0    23.0     0.0    10.0    39.0
1     6.0    46.0    22.0     5.0    43.0    17.0    11.0     4.0    16.0    12.0
2     3.0     1.0    50.0    25.0    23.0    31.0     8.0     1.0     9.0    26.0
3     5.0    17.0    16.0    62.0    25.0    23.0     8.0     2.0    10.0    15.0
4     9.0    22.0    17.0    13.0    74.0     2.0     6.0    11.0    12.0    15.0
5    20.0    12.0    15.0    26.0     7.0    53.0    20.0    10.0     5.0    14.0
6    30.0     7.0     1.0    16.0    34.0    10.0    45.0    15.0     5.0    18.0
7    28.0    16.0    17.0    10.0    27.0     0.0    13.0    41.0     5.0    22.0
8    13.0    38.0    20.0     7.0    16.0     8.0    15.0    11.0    11.0    35.0
9     7.0    18.0    18.0    16.0     9.0     8.0    28.0     6.0    13.0    57.0
For Neural network with 2 hidden layers and 16 neurons in each layer: 85.30280545305497 86.60794801466662 85.21775025799793 84.66078330508378
   pred_0  pred_1  pred_2  pred_3  pred_4  pred_5  pred_6  pred_7  pred_8  pred_9
0   177.0     0.0     0.0     0.0     1.0     0.0     0.0     0.0     0.0     0.0
1     1.0   140.0    18.0     0.0     2.0     1.0     5.0     3.0     8.0     4.0
2     0.0     7.0   161.0     3.0     0.0     0.0     0.0     1.0     5.0     0.0
3     0.0     4.0     4.0   149.0     0.0     4.0     0.0     4.0     9.0     9.0
4     2.0     4.0     1.0     0.0   162.0     1.0     2.0     5.0     3.0     1.0
5     2.0     1.0     0.0     0.0     1.0   172.0     2.0     3.0     0.0     1.0
6     2.0     6.0     0.0     0.0     0.0     1.0   172.0     0.0     0.0     0.0
7     4.0     0.0     0.0     0.0     3.0     7.0     0.0   161.0     3.0     1.0
8     0.0    38.0     4.0    12.0     1.0     6.0     2.0     4.0    98.0     9.0
9     1.0     1.0     3.0     9.0     5.0     6.0     0.0    10.0     4.0   141.0
For Neural network with 2 hidden layers and 32 neurons in each layer: 88.77365181064731 89.94029502066516 88.73942208462333 88.60739135353185
   pred_0  pred_1  pred_2  pred_3  pred_4  pred_5  pred_6  pred_7  pred_8  pred_9
0   174.0     0.0     0.0     0.0     1.0     1.0     2.0     0.0     0.0     0.0
1     0.0   142.0    10.0     2.0     1.0     2.0     7.0     1.0     6.0    11.0
2     0.0     5.0   164.0     5.0     1.0     1.0     0.0     1.0     0.0     0.0
3     0.0     1.0     5.0   150.0     0.0     5.0     1.0     6.0     9.0     6.0
4     1.0     9.0     0.0     0.0   164.0     0.0     2.0     3.0     2.0     0.0
5     0.0     0.0     0.0     1.0     1.0   170.0     1.0     0.0     0.0     9.0
6     2.0     1.0     0.0     0.0     3.0     0.0   175.0     0.0     0.0     0.0
7     0.0     0.0     0.0     0.0     3.0     7.0     0.0   166.0     2.0     1.0
8     0.0    18.0     0.0     3.0     2.0     1.0     4.0     3.0   135.0     8.0
9     2.0     2.0     0.0     5.0     1.0     6.0     0.0     6.0     3.0   155.0
For Neural network with 2 hidden layers and 64 neurons in each layer: 77.43275973476526 80.18008872878869 77.40970072239422 75.63407290440975
   pred_0  pred_1  pred_2  pred_3  pred_4  pred_5  pred_6  pred_7  pred_8  pred_9
0   167.0     0.0     0.0     0.0     2.0     1.0     1.0     0.0     0.0     7.0
1     1.0   141.0     2.0     0.0    12.0     1.0     2.0     0.0    13.0    10.0
2     2.0    12.0   134.0     9.0     2.0     6.0     0.0     3.0     8.0     1.0
3     1.0    10.0     7.0   127.0     1.0     7.0     0.0     6.0     8.0    16.0
4     0.0     8.0     0.0     0.0   150.0     0.0    13.0     9.0     1.0     0.0
5     1.0     5.0     0.0     2.0     2.0   127.0     3.0    24.0     1.0    17.0
6     0.0     5.0     1.0     0.0     9.0     0.0   164.0     0.0     2.0     0.0
7     1.0     0.0     2.0     0.0     7.0     4.0     0.0   161.0     3.0     1.0
8     0.0    35.0     2.0     0.0     0.0    14.0     1.0     4.0   106.0    12.0
9     0.0     8.0    12.0    16.0     3.0    12.0     0.0    13.0     2.0   114.0
For Neural network with 3 hidden layers and 2 neurons in each layer: 8.635009881902732 0.993888156711523 8.617647058823529 1.7665573148151386
   pred_0  pred_1  pred_2  pred_3  pred_4  pred_5  pred_6  pred_7  pred_8  pred_9
0    12.0    18.0    18.0     0.0     0.0    17.0    74.0    18.0    18.0     3.0
1    19.0    19.0     4.0     0.0    14.0    18.0    62.0    18.0    18.0    10.0
2     3.0    18.0     2.0     0.0    15.0    17.0    79.0    18.0    17.0     8.0
3    15.0    18.0     4.0     0.0    15.0    18.0    71.0    18.0    19.0     5.0
4    17.0    18.0    10.0     0.0     8.0    18.0    56.0    18.0    18.0    18.0
5    19.0    19.0    13.0     0.0     3.0    18.0    71.0    18.0    18.0     3.0
6    19.0    18.0    10.0     0.0     8.0    18.0    60.0    18.0    18.0    12.0
7    10.0    18.0    18.0     0.0     0.0    17.0    65.0    18.0    18.0    15.0
8    14.0    18.0     9.0     0.0     8.0    17.0    68.0    17.0    17.0     6.0
9     8.0    18.0    16.0     0.0     2.0    18.0    81.0    18.0    18.0     1.0
For Neural network with 3 hidden layers and 4 neurons in each layer: 11.583828400561497 6.164938940442237 11.548331613347093 4.412229013004301
   pred_0  pred_1  pred_2  pred_3  pred_4  pred_5  pred_6  pred_7  pred_8  pred_9
0    32.0    43.0     0.0     8.0    30.0    23.0    25.0     0.0     0.0    17.0
1     8.0    52.0     0.0     9.0    31.0    19.0    17.0     1.0    20.0    25.0
2    11.0    39.0     0.0    41.0    10.0    20.0    21.0     0.0    11.0    24.0
3     8.0    43.0     0.0    28.0    18.0    18.0    30.0     0.0    13.0    25.0
4    29.0    37.0     1.0    24.0    30.0    21.0    16.0     1.0    11.0    11.0
5    38.0    55.0     1.0    17.0    21.0     3.0    22.0     0.0     1.0    24.0
6    12.0    52.0     1.0    14.0    21.0    38.0    19.0     0.0    15.0     9.0
7    10.0    45.0     1.0    20.0    24.0    22.0    18.0     1.0    20.0    18.0
8     9.0    46.0     0.0    18.0    19.0    23.0    24.0     0.0    13.0    22.0
9    25.0    36.0     0.0    35.0     6.0    12.0    31.0     0.0     5.0    30.0
For Neural network with 3 hidden layers and 8 neurons in each layer: 11.968593122444105 6.229079379067212 11.882008943928449 6.601016038455323
   pred_0  pred_1  pred_2  pred_3  pred_4  pred_5  pred_6  pred_7  pred_8  pred_9
0    20.0    32.0    17.0    21.0    17.0    57.0     3.0     0.0     0.0    11.0
1     9.0    27.0    33.0    12.0    35.0    41.0    14.0     0.0     6.0     5.0
2    32.0    13.0    24.0    12.0     9.0    23.0    31.0     0.0    15.0    18.0
3    21.0     8.0    18.0    30.0    19.0    25.0    20.0     9.0     6.0    27.0
4     9.0    13.0    27.0    25.0    30.0    59.0     3.0     4.0     8.0     3.0
5    13.0     7.0    18.0    21.0    32.0    47.0    16.0     5.0     3.0    20.0
6    21.0    15.0    32.0    27.0    20.0    37.0     7.0    10.0     1.0    11.0
7     8.0    16.0    16.0    19.0    23.0    45.0    19.0     7.0    10.0    16.0
8    14.0    11.0    34.0    15.0    40.0    28.0     4.0     9.0     4.0    15.0
9     8.0     9.0    22.0    16.0    29.0    48.0     8.0     9.0    12.0    19.0
For Neural network with 3 hidden layers and 16 neurons in each layer: 15.751095095251145 11.183627012777094 15.64551083591331 11.609574455877063
   pred_0  pred_1  pred_2  pred_3  pred_4  pred_5  pred_6  pred_7  pred_8  pred_9
0    27.0    12.0     0.0    19.0     6.0    18.0    55.0    11.0     2.0    28.0
1    20.0    16.0    16.0    16.0    24.0    26.0    26.0    14.0    16.0     8.0
2    10.0    35.0    14.0    45.0    10.0    24.0     8.0    10.0     5.0    16.0
3    18.0    31.0    11.0    57.0    13.0     4.0    12.0    14.0     4.0    19.0
4     4.0    14.0     9.0     6.0    30.0     9.0    49.0    24.0     8.0    28.0
5    15.0    34.0    15.0    24.0    12.0    25.0     4.0    35.0     1.0    17.0
6    30.0    21.0    13.0    17.0    13.0    19.0    40.0     6.0     7.0    15.0
7    10.0    23.0     9.0     8.0    27.0    26.0    24.0    27.0    13.0    12.0
8    17.0    13.0    17.0    15.0    22.0    17.0    19.0    20.0    12.0    22.0
9     7.0    36.0     3.0    30.0    15.0     4.0    30.0    16.0     4.0    35.0
For Neural network with 3 hidden layers and 32 neurons in each layer: 80.04555287669184 82.84948092210468 79.91296869625043 79.09434817103052
   pred_0  pred_1  pred_2  pred_3  pred_4  pred_5  pred_6  pred_7  pred_8  pred_9
0   171.0     0.0     2.0     0.0     2.0     1.0     1.0     0.0     1.0     0.0
1     0.0   132.0     6.0     2.0     1.0     2.0     9.0     7.0     9.0    14.0
2     0.0     7.0   144.0    15.0     2.0     2.0     0.0     4.0     3.0     0.0
3     0.0     0.0    15.0   151.0     0.0     6.0     0.0     3.0     4.0     4.0
4     1.0     7.0     1.0     0.0   165.0     0.0     1.0     4.0     2.0     0.0
5     1.0     0.0     0.0    11.0     3.0   136.0     1.0    10.0     9.0    11.0
6     1.0     8.0     0.0     0.0     4.0     0.0   166.0     0.0     1.0     1.0
7     1.0     0.0     0.0     3.0     2.0     6.0     0.0   165.0     2.0     0.0
8     2.0    27.0    15.0    18.0     3.0     6.0     8.0     5.0    80.0    10.0
9     0.0     2.0     1.0    27.0     5.0     1.0     0.0    10.0     6.0   128.0
For Neural network with 3 hidden layers and 64 neurons in each layer: 40.85545461077443 36.43371293872741 40.78448572411421 33.16538590779264
   pred_0  pred_1  pred_2  pred_3  pred_4  pred_5  pred_6  pred_7  pred_8  pred_9
0   129.0     7.0     1.0     0.0    18.0     3.0     2.0    18.0     0.0     0.0
1     5.0    67.0    24.0     0.0     4.0     5.0    22.0    37.0    17.0     1.0
2     1.0    46.0    65.0    19.0     2.0     2.0     5.0    24.0    13.0     0.0
3     4.0    13.0    28.0    78.0     3.0     6.0    16.0    20.0    10.0     5.0
4    16.0    20.0    18.0     1.0    46.0     0.0    49.0    26.0     3.0     2.0
5    19.0    12.0    10.0     8.0     6.0    71.0    19.0    27.0     0.0    10.0
6    21.0     7.0    27.0     0.0    12.0     1.0    94.0    19.0     0.0     0.0
7    22.0    35.0     7.0     6.0     4.0     4.0     9.0    89.0     1.0     2.0
8     5.0    26.0    21.0    16.0     4.0     5.0    19.0    26.0    48.0     4.0
9    20.0     4.0     6.0    24.0    10.0    29.0    14.0    20.0     4.0    49.0



r_lambda=1 alpha=1
   pred_0  pred_1  pred_2  pred_3  pred_4  pred_5  pred_6  pred_7  pred_8  pred_9
0    58.0    16.0    23.0     8.0     5.0    28.0    16.0     5.0    17.0     2.0
1    10.0    25.0    14.0    48.0    20.0    46.0    17.0     1.0     1.0     0.0
2    20.0    25.0    10.0    37.0    15.0    31.0    23.0     8.0     7.0     1.0
3     9.0    25.0     0.0    54.0    12.0    49.0    10.0    23.0     0.0     1.0
4    12.0    20.0    14.0     5.0    35.0    50.0    22.0    11.0    11.0     1.0
5    31.0    19.0    14.0    34.0     6.0    42.0    23.0    13.0     0.0     0.0
6    30.0    22.0    16.0    14.0     6.0    42.0    40.0     1.0     7.0     3.0
7    38.0    13.0    11.0    25.0    13.0    36.0    17.0    25.0     0.0     1.0
8    16.0    26.0    14.0    22.0     8.0    52.0    29.0     4.0     3.0     0.0
9    27.0    21.0    12.0    22.0    14.0    50.0    15.0    12.0     5.0     2.0
For Neural network with 1 hidden layers and 4 neurons in each layer: 29.242004992923015 22.47427998788862 29.243550051599584 22.27925212914226
   pred_0  pred_1  pred_2  pred_3  pred_4  pred_5  pred_6  pred_7  pred_8  pred_9
0    71.0     0.0     4.0     7.0    25.0    22.0    14.0    14.0     0.0    21.0
1    15.0    31.0    11.0    15.0    27.0    23.0    16.0    16.0    17.0    11.0
2     7.0    13.0    61.0    11.0    16.0    21.0    21.0     6.0     7.0    14.0
3     1.0     3.0    10.0    67.0    13.0    18.0    19.0    20.0    13.0    19.0
4    22.0     5.0     5.0     6.0    73.0     8.0    18.0    15.0    15.0    14.0
5     9.0     8.0    10.0    21.0     2.0    69.0    16.0    14.0    12.0    21.0
6    24.0     2.0    21.0     9.0    28.0    29.0    45.0    13.0     2.0     8.0
7     5.0     4.0     4.0    19.0    22.0     8.0     9.0    59.0     6.0    43.0
8    17.0    19.0     5.0    19.0    13.0    27.0    17.0    26.0    19.0    12.0
9    10.0     1.0     9.0    27.0    17.0    21.0    16.0    34.0    15.0    30.0
For Neural network with 1 hidden layers and 8 neurons in each layer: 74.93146842336316 76.86464159136162 74.87788097695218 72.97985722313821
   pred_0  pred_1  pred_2  pred_3  pred_4  pred_5  pred_6  pred_7  pred_8  pred_9
0   167.0     0.0     0.0     0.0     2.0     1.0     2.0     0.0     1.0     5.0
1     0.0   125.0    20.0     3.0     3.0     3.0     3.0     3.0     9.0    13.0
2     0.0     8.0   136.0    15.0     0.0     0.0     0.0     2.0    13.0     3.0
3     1.0     3.0    12.0   115.0     0.0    10.0     3.0     1.0     5.0    33.0
4     3.0     3.0     0.0     0.0   152.0     1.0    17.0     5.0     0.0     0.0
5     6.0     1.0     0.0     3.0     1.0   143.0     3.0     5.0     2.0    18.0
6     0.0     3.0     1.0     0.0     1.0     1.0   173.0     1.0     1.0     0.0
7     5.0     4.0     6.0     7.0     3.0     3.0     0.0   147.0     0.0     4.0
8     3.0    23.0     8.0    10.0     2.0    10.0     6.0    13.0    85.0    14.0
9     1.0     3.0     2.0    30.0     0.0    26.0     0.0    10.0     4.0   104.0
For Neural network with 1 hidden layers and 16 neurons in each layer: 89.25094423973968 90.20229053786734 89.17543859649123 88.85752602688493
   pred_0  pred_1  pred_2  pred_3  pred_4  pred_5  pred_6  pred_7  pred_8  pred_9
0   176.0     0.0     0.0     0.0     1.0     1.0     0.0     0.0     0.0     0.0
1     0.0   154.0     7.0     0.0     2.0     2.0     5.0     0.0     6.0     6.0
2     0.0     1.0   162.0     5.0     0.0     0.0     1.0     1.0     6.0     1.0
3     0.0     0.0     4.0   162.0     0.0     5.0     3.0     6.0     0.0     3.0
4     1.0     4.0     0.0     0.0   167.0     2.0     4.0     3.0     0.0     0.0
5     1.0     0.0     0.0     3.0     1.0   167.0     2.0     1.0     0.0     7.0
6     3.0     0.0     0.0     0.0     0.0     1.0   176.0     0.0     1.0     0.0
7     0.0     0.0     0.0     0.0     1.0     0.0     0.0   175.0     1.0     2.0
8     3.0    23.0     2.0     3.0     3.0     8.0     3.0     3.0   116.0    10.0
9     2.0     3.0     1.0     4.0     1.0     6.0     1.0     8.0     5.0   149.0
For Neural network with 1 hidden layers and 32 neurons in each layer: 88.88338625190516 89.84332091999275 88.85380116959064 88.59722216001417
   pred_0  pred_1  pred_2  pred_3  pred_4  pred_5  pred_6  pred_7  pred_8  pred_9
0   176.0     0.0     0.0     0.0     2.0     0.0     0.0     0.0     0.0     0.0
1     0.0   149.0     4.0     0.0     1.0     1.0    10.0     1.0     3.0    13.0
2     0.0     6.0   160.0     3.0     0.0     0.0     0.0     2.0     2.0     4.0
3     1.0     2.0     2.0   161.0     0.0     6.0     0.0     4.0     3.0     4.0
4     2.0     1.0     0.0     0.0   169.0     0.0     4.0     1.0     2.0     2.0
5     1.0     3.0     0.0     3.0     2.0   163.0     1.0     0.0     1.0     8.0
6     3.0     3.0     0.0     0.0     2.0     0.0   172.0     0.0     1.0     0.0
7     3.0     3.0     1.0     0.0     3.0     2.0     1.0   162.0     0.0     4.0
8     1.0    16.0     3.0     5.0     2.0     2.0     3.0     1.0   133.0     8.0
9     1.0     6.0     1.0     7.0     2.0     3.0     0.0     5.0     3.0   152.0
For Neural network with 1 hidden layers and 64 neurons in each layer: 89.25875538529327 90.07656441870299 89.23649810801513 88.89122935407255
   pred_0  pred_1  pred_2  pred_3  pred_4  pred_5  pred_6  pred_7  pred_8  pred_9
0   174.0     0.0     0.0     0.0     1.0     1.0     2.0     0.0     0.0     0.0
1     0.0   149.0    11.0     2.0     0.0     0.0     5.0     0.0     6.0     9.0
2     0.0     5.0   160.0     4.0     0.0     0.0     0.0     2.0     3.0     3.0
3     2.0     1.0     0.0   155.0     0.0     3.0     0.0     6.0    10.0     6.0
4     1.0     0.0     0.0     0.0   171.0     1.0     1.0     6.0     0.0     1.0
5     0.0     0.0     0.0     2.0     1.0   173.0     1.0     0.0     0.0     5.0
6     1.0     3.0     0.0     0.0     1.0     0.0   174.0     0.0     2.0     0.0
7     0.0     0.0     0.0     0.0     7.0     2.0     0.0   166.0     2.0     2.0
8     0.0    13.0     4.0     9.0     0.0     7.0     1.0     1.0   131.0     8.0
9     2.0     2.0     0.0     6.0     1.0     5.0     0.0     6.0     7.0   151.0
For Neural network with 2 hidden layers and 2 neurons in each layer: 11.802939499011622 3.524382874421069 11.669074647402821 4.48430189575908
   pred_0  pred_1  pred_2  pred_3  pred_4  pred_5  pred_6  pred_7  pred_8  pred_9
0    14.0    30.0     0.0    32.0    16.0    12.0    45.0     5.0    12.0    12.0
1    17.0    22.0     0.0    45.0    25.0     7.0    44.0    15.0     5.0     2.0
2    13.0    32.0     0.0    56.0    15.0    13.0    42.0     5.0     0.0     1.0
3     4.0    32.0     1.0    63.0    14.0    24.0    35.0     3.0     5.0     2.0
4    12.0    26.0     2.0    25.0    28.0     0.0    52.0     6.0    12.0    18.0
5    22.0    19.0     1.0    44.0     7.0     3.0    48.0    18.0     1.0    19.0
6    29.0    25.0     0.0    33.0    23.0     6.0    55.0     9.0     0.0     1.0
7    19.0    25.0    10.0    35.0    12.0    10.0    37.0    13.0     0.0    18.0
8    16.0    28.0     0.0    67.0     4.0     4.0    40.0     8.0     2.0     5.0
9    11.0    30.0     2.0    48.0     9.0    28.0    33.0     4.0     3.0    12.0
For Neural network with 2 hidden layers and 4 neurons in each layer: 12.49583879126124 6.2672680132741885 12.524595803233572 6.691694406315245
   pred_0  pred_1  pred_2  pred_3  pred_4  pred_5  pred_6  pred_7  pred_8  pred_9
0    15.0    21.0    19.0    26.0    23.0    20.0     2.0     6.0    16.0    30.0
1    18.0    47.0    14.0    23.0    25.0     7.0     1.0    25.0     0.0    22.0
2    12.0    27.0    14.0    28.0     7.0     4.0    11.0    20.0     9.0    45.0
3    13.0    18.0    16.0    18.0    25.0    20.0     6.0    29.0    10.0    28.0
4     0.0    46.0    13.0    24.0    27.0     6.0     4.0    23.0     6.0    32.0
5     6.0    32.0     8.0    28.0    19.0    11.0    16.0    31.0     7.0    24.0
6    14.0    58.0     6.0    25.0    19.0     0.0     2.0    17.0    22.0    18.0
7    14.0    27.0    21.0     9.0    12.0     2.0     6.0    45.0    13.0    30.0
8    19.0    26.0    13.0     7.0    18.0    16.0     9.0    19.0    15.0    32.0
9    22.0    10.0     2.0    15.0    18.0    30.0    10.0    27.0    15.0    31.0
For Neural network with 2 hidden layers and 8 neurons in each layer: 13.836083661573273 10.411921917098615 13.815273477812179 9.494283611412687
   pred_0  pred_1  pred_2  pred_3  pred_4  pred_5  pred_6  pred_7  pred_8  pred_9
0    25.0     2.0     2.0    33.0    16.0    12.0    22.0     4.0    25.0    37.0
1     8.0    33.0    10.0    14.0    11.0    30.0    11.0    30.0    11.0    24.0
2     4.0    14.0    18.0    28.0    11.0    39.0    11.0    28.0     9.0    15.0
3     7.0    14.0    13.0    22.0    12.0    17.0    17.0     5.0    20.0    56.0
4    12.0    21.0    12.0    32.0    25.0     9.0     9.0    19.0    20.0    22.0
5    25.0    27.0     2.0    18.0    10.0    23.0    17.0    24.0    11.0    25.0
6    18.0    19.0    25.0    18.0    18.0     8.0    12.0    21.0    21.0    21.0
7     4.0     4.0    20.0    61.0    16.0    24.0     3.0    21.0     2.0    24.0
8    11.0    19.0    16.0    23.0     7.0    33.0    11.0    21.0     6.0    27.0
9     2.0    11.0    14.0    19.0    12.0    18.0     8.0    11.0    22.0    63.0
For Neural network with 2 hidden layers and 16 neurons in each layer: 82.88683309173234 84.23864088059706 82.80736154110767 82.1876274517978
   pred_0  pred_1  pred_2  pred_3  pred_4  pred_5  pred_6  pred_7  pred_8  pred_9
0   172.0     0.0     0.0     0.0     2.0     3.0     1.0     0.0     0.0     0.0
1     0.0   130.0    15.0     0.0     2.0     3.0     7.0     0.0    10.0    15.0
2     1.0     3.0   159.0     9.0     0.0     0.0     0.0     1.0     4.0     0.0
3     1.0     1.0    16.0   140.0     0.0     3.0     0.0     4.0     3.0    15.0
4     1.0     7.0     0.0     0.0   159.0     0.0    10.0     4.0     0.0     0.0
5     2.0     1.0     0.0     2.0     0.0   169.0     2.0     1.0     0.0     5.0
6     3.0     3.0     0.0     0.0     0.0     0.0   175.0     0.0     0.0     0.0
7     0.0     5.0     1.0     1.0     8.0     0.0     0.0   159.0     3.0     2.0
8     3.0    27.0     8.0     2.0     1.0    16.0     3.0    11.0    92.0    11.0
9     2.0     8.0     1.0    14.0     4.0     6.0     0.0     9.0     1.0   135.0
For Neural network with 2 hidden layers and 32 neurons in each layer: 87.08678826046695 88.3502425362511 87.0514275885793 86.59214451417346
   pred_0  pred_1  pred_2  pred_3  pred_4  pred_5  pred_6  pred_7  pred_8  pred_9
0   172.0     0.0     0.0     0.0     1.0     3.0     1.0     1.0     0.0     0.0
1     0.0   151.0     3.0     2.0     1.0     1.0     6.0     1.0     6.0    11.0
2     0.0     4.0   155.0     7.0     0.0     0.0     0.0     7.0     3.0     1.0
3     1.0     0.0     9.0   152.0     0.0     4.0     0.0     5.0     5.0     7.0
4     2.0     6.0     0.0     0.0   166.0     0.0     0.0     4.0     2.0     1.0
5     0.0     0.0     1.0     0.0     1.0   171.0     1.0     1.0     0.0     7.0
6     2.0     3.0     0.0     0.0     1.0     1.0   174.0     0.0     0.0     0.0
7     6.0     2.0     0.0     1.0     0.0     3.0     0.0   166.0     1.0     0.0
8     1.0    17.0     9.0     8.0     2.0     9.0     1.0     4.0   116.0     7.0
9     1.0     3.0     0.0    11.0     4.0     7.0     0.0     8.0     4.0   142.0
For Neural network with 2 hidden layers and 64 neurons in each layer: 72.62732016848989 77.25488043183722 72.52579979360165 70.60703566943616
   pred_0  pred_1  pred_2  pred_3  pred_4  pred_5  pred_6  pred_7  pred_8  pred_9
0   167.0     0.0     4.0     0.0     2.0     0.0     3.0     0.0     0.0     2.0
1     0.0   120.0     9.0     4.0     7.0     4.0     2.0     5.0    26.0     5.0
2     1.0    13.0   131.0    14.0     0.0     0.0     1.0     3.0     8.0     6.0
3     1.0     1.0    15.0   122.0     0.0     2.0     1.0     7.0    12.0    22.0
4     0.0    14.0     0.0     0.0   149.0     3.0     3.0     7.0     1.0     4.0
5     9.0     7.0     8.0     4.0     5.0   116.0     8.0    10.0     2.0    13.0
6     6.0     5.0    10.0     0.0     2.0     3.0   152.0     0.0     3.0     0.0
7     1.0     2.0     3.0     0.0     1.0     4.0     0.0   163.0     4.0     1.0
8     0.0    28.0     6.0    14.0     5.0    24.0     4.0    13.0    77.0     3.0
9    11.0    13.0     2.0    23.0     0.0     8.0     1.0    11.0     1.0   110.0
For Neural network with 3 hidden layers and 2 neurons in each layer: 11.018332958661563 1.5450332116688763 11.0 2.6434868428909013
   pred_0  pred_1  pred_2  pred_3  pred_4  pred_5  pred_6  pred_7  pred_8  pred_9
0     0.0    36.0    17.0    36.0     3.0    39.0    15.0    17.0     0.0    15.0
1     0.0    44.0    18.0    36.0     0.0    43.0    19.0    18.0     0.0     4.0
2     0.0    27.0    17.0    36.0     4.0    46.0    14.0    18.0     0.0    15.0
3     0.0    25.0    18.0    36.0    12.0    49.0     6.0    18.0     0.0    19.0
4     0.0    26.0    18.0    36.0     3.0    48.0    15.0    18.0     0.0    17.0
5     0.0    26.0    18.0    36.0     6.0    49.0    13.0    18.0     0.0    16.0
6     0.0    37.0    18.0    36.0     2.0    46.0    16.0    18.0     0.0     8.0
7     0.0    34.0    17.0    36.0     6.0    47.0    12.0    18.0     0.0     9.0
8     0.0    35.0    17.0    35.0    14.0    42.0     4.0    17.0     0.0    10.0
9     0.0    36.0    18.0    36.0    16.0    39.0     2.0    18.0     0.0    15.0
For Neural network with 3 hidden layers and 4 neurons in each layer: 11.08351490114248 4.345512069682723 10.997420020639833 4.260189426004692
   pred_0  pred_1  pred_2  pred_3  pred_4  pred_5  pred_6  pred_7  pred_8  pred_9
0     7.0     1.0     0.0    37.0    21.0    61.0     0.0    32.0    10.0     9.0
1     0.0    19.0     0.0    34.0    17.0    72.0     0.0     2.0    18.0    20.0
2    12.0    11.0     5.0    30.0    17.0    65.0     0.0    10.0    17.0    10.0
3    18.0     8.0     0.0    31.0    28.0    54.0     0.0    11.0    16.0    17.0
4     3.0     8.0     0.0    41.0    39.0    68.0     0.0    11.0     3.0     8.0
5     4.0    12.0     5.0    32.0    32.0    70.0     0.0     7.0    16.0     4.0
6    16.0     2.0     0.0    42.0    19.0    57.0     0.0    30.0     2.0    13.0
7     3.0     8.0     3.0    30.0    25.0    68.0     0.0    12.0    15.0    15.0
8     8.0     5.0     0.0    35.0    15.0    65.0     0.0    14.0    10.0    22.0
9    11.0     6.0     0.0    43.0    31.0    55.0     0.0    19.0     9.0     6.0
For Neural network with 3 hidden layers and 8 neurons in each layer: 11.401495344264161 7.477279980399878 11.356725146198832 7.274437793249592
   pred_0  pred_1  pred_2  pred_3  pred_4  pred_5  pred_6  pred_7  pred_8  pred_9
0    31.0     3.0     7.0    22.0    23.0    28.0    25.0    34.0     4.0     1.0
1    19.0    24.0    12.0    31.0    22.0    42.0     6.0     6.0     7.0    13.0
2    15.0    22.0    21.0    28.0    55.0    13.0     6.0     9.0     3.0     5.0
3    20.0    21.0     7.0    38.0    16.0    35.0    12.0    31.0     2.0     1.0
4    26.0    18.0    10.0    11.0    24.0    39.0     2.0    28.0     6.0    17.0
5    17.0    13.0    11.0    27.0    12.0    33.0     8.0    37.0    16.0     8.0
6    18.0     7.0     3.0    12.0    23.0    19.0    23.0    49.0    13.0    14.0
7    24.0    28.0    15.0    20.0    28.0    38.0     9.0     8.0     1.0     8.0
8    25.0    16.0     4.0    37.0    18.0    38.0     2.0    12.0     3.0    19.0
9    18.0     2.0     4.0    38.0    13.0    49.0    17.0    32.0     7.0     0.0
For Neural network with 3 hidden layers and 16 neurons in each layer: 14.642756087117709 10.875651147003735 14.58169934640523 11.379265952293386
   pred_0  pred_1  pred_2  pred_3  pred_4  pred_5  pred_6  pred_7  pred_8  pred_9
0    21.0    25.0     3.0    16.0    14.0    27.0    30.0    14.0    26.0     2.0
1    41.0    22.0    20.0    26.0    10.0    40.0     8.0     5.0     4.0     6.0
2    17.0    27.0    18.0    46.0    14.0    21.0     6.0    10.0    12.0     6.0
3    14.0    18.0     3.0    64.0     4.0    29.0     9.0    16.0     7.0    19.0
4    33.0    11.0     1.0     9.0    24.0    23.0    42.0    18.0     2.0    18.0
5    16.0    23.0    10.0    31.0    12.0    39.0    25.0     9.0    12.0     5.0
6    18.0    33.0     7.0    24.0    21.0    19.0    38.0    11.0     8.0     2.0
7    13.0    15.0    18.0    14.0    20.0    47.0     2.0    11.0     5.0    34.0
8    13.0    31.0     4.0    45.0    14.0    32.0     8.0     6.0     8.0    13.0
9    24.0     6.0     3.0    65.0     3.0    27.0    17.0    11.0     5.0    19.0
For Neural network with 3 hidden layers and 32 neurons in each layer: 83.2721136325273 85.5210889143138 83.17320261437911 82.28658699832725
   pred_0  pred_1  pred_2  pred_3  pred_4  pred_5  pred_6  pred_7  pred_8  pred_9
0   175.0     0.0     0.0     0.0     1.0     1.0     1.0     0.0     0.0     0.0
1     1.0   132.0     7.0     5.0     7.0     2.0    17.0     0.0     2.0     9.0
2     0.0     4.0   152.0    12.0     0.0     0.0     1.0     0.0     7.0     1.0
3     0.0     2.0     3.0   159.0     0.0     4.0     0.0     5.0     0.0    10.0
4     2.0     3.0     0.0     0.0   163.0     0.0     5.0     6.0     1.0     1.0
5     1.0     1.0     1.0     2.0     1.0   169.0     1.0     1.0     0.0     5.0
6     1.0     3.0     0.0     0.0     1.0     1.0   175.0     0.0     0.0     0.0
7     0.0     2.0     1.0     0.0     8.0    10.0     0.0   147.0     9.0     2.0
8     1.0    32.0     5.0     3.0     2.0    17.0     6.0     1.0   100.0     7.0
9     4.0     4.0     0.0    15.0     3.0    10.0     2.0    12.0     5.0   125.0
For Neural network with 3 hidden layers and 64 neurons in each layer: 52.10012037150948 52.63295645150974 52.19195046439629 45.319113392556005
   pred_0  pred_1  pred_2  pred_3  pred_4  pred_5  pred_6  pred_7  pred_8  pred_9
0   149.0     0.0     0.0     6.0     1.0     4.0    16.0     0.0     0.0     2.0
1     2.0    73.0     9.0     4.0    15.0     5.0    18.0     4.0    29.0    23.0
2     9.0     7.0    91.0    17.0     4.0    24.0    16.0     4.0     3.0     2.0
3     6.0    18.0    17.0    60.0     1.0    14.0    20.0     3.0     9.0    35.0
4     3.0    11.0     0.0     0.0   112.0     2.0    44.0     5.0     1.0     3.0
5     6.0    15.0     5.0    10.0    18.0    82.0    20.0     7.0     4.0    15.0
6    11.0     1.0     0.0     0.0    14.0     1.0   152.0     1.0     1.0     0.0
7     5.0     4.0     3.0     4.0    15.0    26.0    26.0    81.0     8.0     7.0
8    10.0    18.0     7.0     3.0    10.0    22.0    24.0     8.0    57.0    15.0
9    14.0    11.0     4.0    18.0     3.0    16.0    25.0     3.0     7.0    79.0



r_lambda=10, alpha=1
For Neural network with 1 hidden layers and 2 neurons in each layer: 14.857779840368817 9.374346091900403 14.781045751633988 7.873695732519325
   pred_0  pred_1  pred_2  pred_3  pred_4  pred_5  pred_6  pred_7  pred_8  pred_9
0    25.0    34.0     0.0    20.0    15.0    16.0    34.0    17.0     3.0    14.0
1     5.0    53.0     2.0    23.0    32.0     2.0    44.0     6.0     5.0    10.0
2     1.0    39.0    15.0    41.0    10.0    13.0    33.0     6.0     6.0    13.0
3     7.0    38.0     6.0    33.0     4.0    26.0    50.0    11.0     5.0     3.0
4    20.0    18.0     1.0    27.0    37.0     0.0    56.0    16.0     1.0     5.0
5     9.0    25.0     3.0    42.0    28.0    26.0    26.0    16.0     5.0     2.0
6    12.0    19.0    14.0    31.0    15.0    11.0    56.0     4.0    14.0     5.0
7    23.0    26.0     6.0    47.0    27.0     9.0    24.0    11.0     0.0     6.0
8    11.0    40.0     6.0    29.0    26.0     8.0    39.0     6.0     1.0     8.0
9    22.0    29.0     4.0    39.0     9.0    18.0    31.0    18.0     0.0    10.0
For Neural network with 1 hidden layers and 4 neurons in each layer: 27.55018694426139 22.450557448871805 27.508599931200546 19.715658067605553
   pred_0  pred_1  pred_2  pred_3  pred_4  pred_5  pred_6  pred_7  pred_8  pred_9
0    97.0     0.0     4.0     0.0    19.0    23.0     7.0     6.0     2.0    20.0
1    14.0    33.0    10.0    21.0    30.0    19.0    25.0    22.0     7.0     1.0
2     8.0    24.0    69.0    17.0    12.0    14.0    20.0     1.0     1.0    11.0
3    12.0    23.0    35.0    37.0     9.0    24.0    16.0     6.0     9.0    12.0
4    24.0     7.0    14.0    22.0    63.0     1.0    24.0    19.0     0.0     7.0
5    22.0    22.0     8.0    12.0    15.0    40.0    14.0    40.0     7.0     2.0
6    41.0     1.0     0.0    19.0    34.0    13.0    64.0     2.0     0.0     7.0
7    38.0     9.0    12.0    15.0    14.0    13.0     4.0    62.0     8.0     4.0
8    26.0    16.0     7.0    29.0    27.0    16.0    19.0    17.0    11.0     6.0
9    27.0    15.0    12.0    21.0    14.0    23.0     8.0    20.0    19.0    21.0
For Neural network with 1 hidden layers and 8 neurons in each layer: 77.8397142848213 79.4418189531065 77.78637770897834 75.96025305581779
   pred_0  pred_1  pred_2  pred_3  pred_4  pred_5  pred_6  pred_7  pred_8  pred_9
0   171.0     0.0     0.0     0.0     1.0     1.0     2.0     0.0     0.0     3.0
1     5.0    95.0    20.0    14.0     4.0     3.0     9.0    14.0     4.0    14.0
2     0.0     1.0   138.0    26.0     0.0     2.0     0.0     1.0     6.0     3.0
3     2.0     1.0     4.0   153.0     0.0     5.0     0.0     5.0     7.0     6.0
4     0.0     3.0     0.0     0.0   167.0     2.0     2.0     4.0     2.0     1.0
5     9.0     0.0     3.0     6.0     3.0   142.0     0.0     0.0     0.0    19.0
6     2.0     0.0     0.0     0.0     0.0     0.0   179.0     0.0     0.0     0.0
7     0.0     1.0     0.0     0.0     4.0     2.0     0.0   172.0     0.0     0.0
8     5.0    14.0     3.0    15.0     6.0     9.0     6.0     5.0    96.0    15.0
9    15.0     2.0     0.0    47.0     2.0     4.0     0.0    21.0     3.0    86.0
For Neural network with 1 hidden layers and 16 neurons in each layer: 87.51417288824703 88.98447045330644 87.48125214998281 86.89615794712087
   pred_0  pred_1  pred_2  pred_3  pred_4  pred_5  pred_6  pred_7  pred_8  pred_9
0   176.0     0.0     0.0     0.0     2.0     0.0     0.0     0.0     0.0     0.0
1     0.0   141.0     6.0     1.0     1.0     0.0    11.0     8.0     1.0    13.0
2     2.0     0.0   164.0     3.0     0.0     0.0     3.0     4.0     0.0     1.0
3     0.0     0.0     8.0   160.0     0.0     3.0     0.0     5.0     1.0     6.0
4     2.0     3.0     0.0     0.0   167.0     0.0     1.0     5.0     3.0     0.0
5     1.0     0.0     1.0     2.0     1.0   168.0     1.0     0.0     0.0     8.0
6     1.0     1.0     0.0     0.0     2.0     0.0   177.0     0.0     0.0     0.0
7     0.0     0.0     0.0     0.0     2.0     5.0     0.0   171.0     0.0     1.0
8     1.0    39.0     4.0     5.0     1.0     6.0     3.0     4.0   104.0     7.0
9     1.0     2.0     0.0    14.0     3.0     4.0     0.0     8.0     3.0   145.0
For Neural network with 1 hidden layers and 32 neurons in each layer: 92.42279580230743 93.0670967551167 92.41795665634675 92.31580764332874
   pred_0  pred_1  pred_2  pred_3  pred_4  pred_5  pred_6  pred_7  pred_8  pred_9
0   176.0     0.0     0.0     0.0     2.0     0.0     0.0     0.0     0.0     0.0
1     0.0   155.0     6.0     1.0     1.0     2.0     2.0     0.0     4.0    11.0
2     0.0     2.0   172.0     0.0     0.0     0.0     0.0     2.0     1.0     0.0
3     0.0     0.0     2.0   160.0     0.0     3.0     1.0     5.0     9.0     3.0
4     0.0     1.0     0.0     0.0   174.0     0.0     1.0     1.0     3.0     1.0
5     0.0     1.0     0.0     0.0     1.0   172.0     1.0     0.0     0.0     7.0
6     1.0     3.0     0.0     0.0     2.0     0.0   175.0     0.0     0.0     0.0
7     0.0     0.0     0.0     0.0     0.0     2.0     0.0   174.0     1.0     2.0
8     0.0    13.0     2.0     2.0     0.0     4.0     1.0     2.0   146.0     4.0
9     0.0     2.0     0.0     7.0     1.0     5.0     0.0     6.0     2.0   157.0
For Neural network with 1 hidden layers and 64 neurons in each layer: 92.93333326484886 93.69923448939298 92.88992088063296 92.79768265741646
   pred_0  pred_1  pred_2  pred_3  pred_4  pred_5  pred_6  pred_7  pred_8  pred_9
0   176.0     0.0     0.0     0.0     1.0     1.0     0.0     0.0     0.0     0.0
1     0.0   163.0     2.0     0.0     0.0     1.0     2.0     0.0     5.0     9.0
2     0.0     4.0   171.0     0.0     0.0     0.0     0.0     1.0     1.0     0.0
3     0.0     2.0     0.0   165.0     0.0     4.0     0.0     4.0     6.0     2.0
4     1.0     0.0     0.0     0.0   172.0     1.0     2.0     1.0     2.0     2.0
5     0.0     1.0     0.0     0.0     1.0   173.0     1.0     0.0     0.0     6.0
6     1.0     2.0     0.0     0.0     1.0     0.0   176.0     0.0     1.0     0.0
7     0.0     0.0     0.0     0.0     1.0     3.0     0.0   168.0     1.0     6.0
8     0.0    19.0     1.0     1.0     0.0     5.0     2.0     2.0   140.0     4.0
9     0.0     2.0     0.0     2.0     1.0     2.0     0.0     4.0     3.0   166.0
For Neural network with 2 hidden layers and 2 neurons in each layer: 9.956333746522686 2.449815270562511 9.812865497076023 3.3373079687377945
   pred_0  pred_1  pred_2  pred_3  pred_4  pred_5  pred_6  pred_7  pred_8  pred_9
0     0.0    32.0     4.0    35.0    11.0    38.0    40.0     0.0     0.0    18.0
1     0.0    36.0     3.0    61.0     1.0    51.0    19.0     0.0     1.0    10.0
2     0.0    35.0     0.0    59.0     0.0    39.0    19.0    15.0     2.0     8.0
3     0.0    37.0     4.0    63.0     0.0    42.0    24.0     8.0     0.0     5.0
4     0.0    31.0     0.0    36.0    18.0    41.0    35.0     0.0     0.0    20.0
5     0.0    45.0     0.0    62.0     6.0    31.0    11.0    14.0     1.0    12.0
6     0.0    39.0     0.0    51.0     7.0    41.0    20.0     1.0     0.0    22.0
7     0.0    43.0     1.0    51.0    13.0    40.0     9.0     0.0     0.0    22.0
8     0.0    34.0     0.0    51.0     1.0    35.0    24.0     5.0     3.0    21.0
9     0.0    39.0     1.0    59.0     4.0    43.0    19.0     7.0     0.0     8.0
For Neural network with 2 hidden layers and 4 neurons in each layer: 12.837580936946951 8.160599400230605 12.826969384244927 6.644092216566913
   pred_0  pred_1  pred_2  pred_3  pred_4  pred_5  pred_6  pred_7  pred_8  pred_9
0     0.0    18.0    25.0    33.0    24.0    38.0    17.0     1.0     0.0    22.0
1    12.0    48.0    13.0    39.0    15.0    24.0    14.0     1.0     4.0    12.0
2     7.0    24.0    27.0    44.0     4.0    41.0    12.0     2.0     2.0    14.0
3     4.0    20.0    14.0    34.0     2.0    45.0    15.0    11.0     9.0    29.0
4     2.0    54.0     8.0    28.0    28.0    19.0    14.0     2.0     6.0    20.0
5     9.0    24.0    20.0    32.0    21.0    35.0    23.0     3.0     0.0    15.0
6     3.0    27.0     8.0    44.0    13.0    43.0    21.0     0.0     0.0    22.0
7     5.0    50.0    21.0    36.0    11.0    25.0     1.0     7.0     6.0    17.0
8     6.0    40.0    13.0    33.0     3.0    39.0    19.0     1.0     3.0    17.0
9     5.0     9.0    23.0    34.0    10.0    38.0    28.0     5.0     0.0    28.0
For Neural network with 2 hidden layers and 8 neurons in each layer: 28.398282666501864 25.208091806070726 28.31940144478844 22.31567800020901
   pred_0  pred_1  pred_2  pred_3  pred_4  pred_5  pred_6  pred_7  pred_8  pred_9
0    36.0    10.0     9.0    31.0    46.0    17.0    18.0     0.0     2.0     9.0
1     2.0    61.0     3.0    27.0    17.0     2.0    32.0     8.0     7.0    23.0
2     7.0    21.0    29.0    36.0    20.0    10.0    19.0     8.0     9.0    18.0
3     3.0    26.0    18.0    75.0    25.0    10.0     3.0     6.0     1.0    16.0
4     1.0    15.0     2.0    10.0    87.0     9.0    34.0     8.0    10.0     5.0
5     4.0    11.0     7.0    48.0    12.0    33.0    16.0    18.0     5.0    28.0
6     2.0     5.0     0.0     9.0    36.0    24.0    79.0    13.0     1.0    12.0
7     4.0    21.0    14.0    25.0    21.0    15.0     0.0    64.0     7.0     8.0
8     2.0    28.0     2.0    22.0    25.0    24.0    25.0    13.0    14.0    19.0
9     5.0    20.0     5.0    65.0    15.0    14.0     4.0    17.0     2.0    33.0
For Neural network with 2 hidden layers and 16 neurons in each layer: 80.9076386675172 83.76887893134135 80.77433780529756 79.5226952448442
   pred_0  pred_1  pred_2  pred_3  pred_4  pred_5  pred_6  pred_7  pred_8  pred_9
0   174.0     0.0     0.0     0.0     2.0     1.0     0.0     0.0     0.0     1.0
1     0.0   128.0    16.0     0.0     3.0     0.0     6.0    13.0     5.0    11.0
2     1.0    14.0   145.0    10.0     0.0     3.0     0.0     2.0     1.0     1.0
3     0.0     0.0    14.0   147.0     0.0     5.0     0.0     8.0     1.0     8.0
4     5.0     1.0     0.0     1.0   168.0     0.0     1.0     3.0     2.0     0.0
5     1.0     0.0     0.0     0.0     2.0   163.0     2.0     2.0     2.0    10.0
6     3.0     3.0     0.0     0.0     1.0     0.0   174.0     0.0     0.0     0.0
7     9.0     0.0     1.0     0.0     4.0     0.0     0.0   162.0     3.0     0.0
8     2.0    27.0    21.0    17.0     2.0    15.0     3.0     9.0    65.0    13.0
9     2.0     3.0     1.0    19.0     3.0    12.0     0.0     8.0     4.0   128.0
For Neural network with 2 hidden layers and 32 neurons in each layer: 89.59579261479644 90.55567125855355 89.58393532851737 89.38620646230012
   pred_0  pred_1  pred_2  pred_3  pred_4  pred_5  pred_6  pred_7  pred_8  pred_9
0   174.0     0.0     0.0     0.0     1.0     2.0     1.0     0.0     0.0     0.0
1     0.0   148.0     6.0     1.0     2.0     0.0     2.0     0.0    10.0    13.0
2     0.0     7.0   160.0     4.0     1.0     0.0     1.0     1.0     2.0     1.0
3     0.0     6.0     4.0   161.0     0.0     4.0     0.0     4.0     2.0     2.0
4     0.0     2.0     0.0     0.0   169.0     0.0     5.0     3.0     2.0     0.0
5     0.0     0.0     0.0     0.0     1.0   168.0     1.0     0.0     1.0    11.0
6     1.0     3.0     0.0     0.0     2.0     0.0   175.0     0.0     0.0     0.0
7     0.0     0.0     0.0     0.0     0.0     5.0     0.0   167.0     1.0     6.0
8     1.0    20.0     3.0     3.0     0.0     8.0     2.0     2.0   134.0     1.0
9     1.0     2.0     0.0     6.0     1.0     4.0     0.0     9.0     3.0   154.0
For Neural network with 2 hidden layers and 64 neurons in each layer: 89.98640807193314 91.57719611347656 89.98710010319917 89.79405373669515
   pred_0  pred_1  pred_2  pred_3  pred_4  pred_5  pred_6  pred_7  pred_8  pred_9
0   176.0     0.0     0.0     0.0     1.0     0.0     1.0     0.0     0.0     0.0
1     0.0   150.0     4.0     0.0     0.0     1.0     1.0     0.0    11.0    15.0
2     0.0     6.0   162.0     1.0     0.0     0.0     0.0     0.0     5.0     3.0
3     1.0     2.0     1.0   160.0     0.0     3.0     0.0     4.0    10.0     2.0
4     1.0     6.0     0.0     0.0   165.0     0.0     0.0     1.0     3.0     5.0
5     0.0     1.0     0.0     3.0     1.0   168.0     1.0     0.0     0.0     8.0
6     1.0     3.0     0.0     0.0     2.0     0.0   171.0     0.0     4.0     0.0
7     0.0     0.0     0.0     0.0     1.0    12.0     0.0   163.0     2.0     1.0
8     0.0    11.0     0.0     0.0     0.0     6.0     1.0     1.0   146.0     9.0
9     5.0     3.0     1.0     2.0     1.0     5.0     0.0     1.0     6.0   156.0
For Neural network with 3 hidden layers and 2 neurons in each layer: 10.171706748208537 1.5728917908406772 10.140350877192983 2.5454204604565156
   pred_0  pred_1  pred_2  pred_3  pred_4  pred_5  pred_6  pred_7  pred_8  pred_9
0     0.0    34.0    17.0    18.0     0.0    67.0    36.0     5.0     0.0     1.0
1     0.0    45.0    10.0    19.0    18.0    41.0    36.0    13.0     0.0     0.0
2     0.0    36.0     9.0    18.0     4.0    59.0    36.0     7.0     0.0     8.0
3     0.0    41.0    11.0    18.0     4.0    60.0    36.0    10.0     0.0     3.0
4     0.0    44.0    11.0    18.0     2.0    60.0    36.0    10.0     0.0     0.0
5     0.0    44.0    12.0    19.0     6.0    48.0    35.0    18.0     0.0     0.0
6     0.0    36.0    19.0    18.0     1.0    68.0    35.0     3.0     0.0     1.0
7     0.0    47.0     5.0    18.0     9.0    45.0    35.0    18.0     0.0     2.0
8     0.0    39.0    11.0    18.0    15.0    38.0    36.0    15.0     0.0     2.0
9     0.0    39.0     7.0    18.0     7.0    50.0    36.0    15.0     0.0     8.0
For Neural network with 3 hidden layers and 4 neurons in each layer: 10.250273768987284 3.1179698793939297 10.277777777777779 3.5742848512569507
   pred_0  pred_1  pred_2  pred_3  pred_4  pred_5  pred_6  pred_7  pred_8  pred_9
0     0.0    13.0     1.0    32.0    18.0    62.0    15.0    21.0     0.0    16.0
1     2.0    14.0    17.0    12.0    24.0    54.0    16.0    17.0     0.0    26.0
2     0.0    10.0    17.0    19.0    19.0    59.0    16.0    18.0     0.0    19.0
3     0.0    18.0     7.0    12.0    22.0    63.0    16.0    19.0     0.0    26.0
4    17.0     8.0     1.0    22.0    21.0    46.0    32.0    16.0     0.0    18.0
5     0.0    20.0    12.0    14.0    19.0    43.0    29.0    23.0     0.0    22.0
6     0.0     8.0     3.0    26.0    18.0    53.0    28.0    26.0     0.0    19.0
7     1.0    22.0    16.0    19.0    19.0    43.0    22.0    18.0     0.0    19.0
8     0.0    14.0    17.0    15.0    18.0    58.0    14.0    18.0     0.0    20.0
9     0.0     9.0    17.0     6.0    18.0    72.0     8.0    19.0     0.0    31.0
For Neural network with 3 hidden layers and 8 neurons in each layer: 11.14833856420229 7.69982262844479 11.009115927072582 7.480055598978025
   pred_0  pred_1  pred_2  pred_3  pred_4  pred_5  pred_6  pred_7  pred_8  pred_9
0    10.0    15.0     1.0    32.0    36.0    35.0    35.0     9.0     2.0     3.0
1     1.0    20.0     4.0    54.0    52.0    26.0     6.0     5.0     7.0     7.0
2     4.0    29.0     4.0    37.0    35.0    30.0    32.0     0.0     1.0     5.0
3    13.0    17.0     7.0    47.0    37.0    27.0    23.0     2.0     4.0     6.0
4     6.0     7.0     4.0    36.0    34.0    24.0    37.0    15.0    16.0     2.0
5    18.0    14.0     8.0    14.0    42.0    38.0    29.0     7.0     0.0    12.0
6     5.0    33.0     3.0    17.0    34.0    40.0    35.0     3.0     0.0    11.0
7     5.0    33.0     2.0    43.0    28.0    37.0    13.0     6.0     0.0    12.0
8    11.0    22.0     1.0    32.0    41.0    37.0    24.0     1.0     1.0     4.0
9     2.0    18.0     6.0    41.0    28.0    26.0    38.0     6.0    10.0     5.0
For Neural network with 3 hidden layers and 16 neurons in each layer: 54.22831093208815 52.77921482790323 54.1702786377709 48.45584445397789
   pred_0  pred_1  pred_2  pred_3  pred_4  pred_5  pred_6  pred_7  pred_8  pred_9
0   144.0     0.0     0.0     0.0     2.0     1.0    25.0     0.0     0.0     6.0
1     0.0    72.0    19.0    13.0    10.0     2.0    11.0    52.0     1.0     2.0
2     1.0     4.0   116.0    15.0     0.0     9.0     1.0    24.0     1.0     6.0
3     0.0     2.0    27.0    89.0     0.0    29.0     0.0    16.0     1.0    19.0
4    10.0     1.0     3.0     0.0   150.0     2.0    14.0     1.0     0.0     0.0
5    20.0    18.0     3.0     7.0    16.0    61.0     9.0    20.0     1.0    27.0
6     8.0     3.0     0.0     0.0    31.0     0.0   139.0     0.0     0.0     0.0
7     3.0    18.0    13.0     1.0    19.0     6.0     2.0   112.0     1.0     4.0
8     6.0    40.0    13.0    30.0     7.0    21.0     4.0    23.0     8.0    22.0
9     7.0     8.0     1.0    54.0     3.0    10.0     0.0    13.0     0.0    84.0
For Neural network with 3 hidden layers and 32 neurons in each layer: 72.87023693441996 74.52522612150679 72.74733402132783 70.31193589134315
   pred_0  pred_1  pred_2  pred_3  pred_4  pred_5  pred_6  pred_7  pred_8  pred_9
0   158.0     0.0     0.0     0.0     1.0    16.0     3.0     0.0     0.0     0.0
1     0.0   120.0    13.0     5.0     5.0    14.0    11.0     2.0     0.0    12.0
2     0.0     4.0   137.0     9.0     0.0    19.0     3.0     2.0     1.0     2.0
3     0.0     3.0    10.0   142.0     0.0    12.0     2.0     6.0     6.0     2.0
4     3.0     2.0     0.0     2.0   145.0    16.0     8.0     4.0     1.0     0.0
5     8.0     1.0     0.0     4.0     1.0   157.0     1.0     1.0     2.0     7.0
6     4.0     1.0     0.0     3.0     0.0    12.0   159.0     2.0     0.0     0.0
7     0.0     9.0     0.0     2.0     7.0    18.0     1.0   140.0     1.0     1.0
8     1.0    32.0    25.0    26.0     1.0    22.0     3.0     8.0    50.0     6.0
9     2.0     0.0     2.0    24.0    11.0    20.0     0.0    19.0     1.0   101.0
For Neural network with 3 hidden layers and 64 neurons in each layer: 52.12044098398534 50.19066722708709 52.10474716202272 45.689506077353215
   pred_0  pred_1  pred_2  pred_3  pred_4  pred_5  pred_6  pred_7  pred_8  pred_9
0   136.0     0.0     5.0     0.0    16.0     3.0    17.0     0.0     1.0     0.0
1     0.0    50.0    35.0     0.0    41.0    25.0    11.0     4.0     4.0    12.0
2     1.0     3.0   121.0    10.0    15.0    13.0     3.0     6.0     2.0     3.0
3     5.0     2.0    28.0    59.0    16.0    25.0     4.0     6.0     1.0    37.0
4    20.0     2.0    10.0     0.0   135.0     8.0     1.0     4.0     0.0     1.0
5     1.0    14.0     3.0     2.0    26.0   115.0     0.0     2.0    11.0     8.0
6    16.0     6.0     5.0     0.0    19.0    29.0   100.0     0.0     4.0     2.0
7     0.0     0.0     6.0     0.0    35.0    22.0     1.0    94.0     0.0    21.0
8     4.0    14.0    22.0    18.0    23.0    34.0     7.0     3.0    33.0    16.0
9     3.0     9.0     3.0     9.0    23.0    25.0     1.0    10.0     3.0    94.0
